<?xml version="1.0" encoding="UTF-8"?>
<coverage generated="1733442479944" clover="3.2.0">
  <project timestamp="1733442479944" name="All files">
    <metrics statements="863" coveredstatements="787" conditionals="261" coveredconditionals="242" methods="119" coveredmethods="100" elements="1243" coveredelements="1129" complexity="0" loc="863" ncloc="863" packages="1" files="2" classes="2"/>
    <file name="index.ts" path="C:\Users\tea\Documents\Eventus\md-builder\src\index.ts">
      <metrics statements="3" coveredstatements="3" conditionals="0" coveredconditionals="0" methods="0" coveredmethods="0"/>
      <line num="1" count="1" type="stmt"/>
      <line num="5" count="1" type="stmt"/>
      <line num="6" count="1" type="stmt"/>
    </file>
    <file name="md-builder.ts" path="C:\Users\tea\Documents\Eventus\md-builder\src\md-builder.ts">
      <metrics statements="860" coveredstatements="784" conditionals="261" coveredconditionals="242" methods="119" coveredmethods="100"/>
      <line num="1" count="1" type="stmt"/>
      <line num="2" count="1" type="cond" truecount="1" falsecount="0"/>
      <line num="83" count="1" type="stmt"/>
      <line num="84" count="1" type="stmt"/>
      <line num="85" count="1" type="stmt"/>
      <line num="86" count="1" type="stmt"/>
      <line num="87" count="1" type="stmt"/>
      <line num="88" count="1" type="stmt"/>
      <line num="89" count="1" type="stmt"/>
      <line num="90" count="1" type="stmt"/>
      <line num="91" count="1" type="stmt"/>
      <line num="92" count="1" type="stmt"/>
      <line num="93" count="1" type="stmt"/>
      <line num="94" count="1" type="stmt"/>
      <line num="95" count="1" type="stmt"/>
      <line num="96" count="1" type="stmt"/>
      <line num="97" count="1" type="stmt"/>
      <line num="98" count="1" type="stmt"/>
      <line num="99" count="1" type="stmt"/>
      <line num="100" count="1" type="stmt"/>
      <line num="101" count="1" type="stmt"/>
      <line num="102" count="1" type="stmt"/>
      <line num="104" count="1" type="cond" truecount="1" falsecount="0"/>
      <line num="105" count="64" type="stmt"/>
      <line num="106" count="64" type="stmt"/>
      <line num="107" count="64" type="stmt"/>
      <line num="108" count="64" type="stmt"/>
      <line num="109" count="64" type="stmt"/>
      <line num="110" count="64" type="stmt"/>
      <line num="111" count="64" type="stmt"/>
      <line num="112" count="64" type="stmt"/>
      <line num="113" count="64" type="stmt"/>
      <line num="114" count="64" type="stmt"/>
      <line num="115" count="64" type="stmt"/>
      <line num="116" count="64" type="stmt"/>
      <line num="118" count="1" type="stmt"/>
      <line num="119" count="1" type="cond" truecount="1" falsecount="0"/>
      <line num="120" count="77" type="cond" truecount="1" falsecount="0"/>
      <line num="121" count="4" type="cond" truecount="0" falsecount="1"/>
      <line num="122" count="4" type="stmt"/>
      <line num="123" count="77" type="cond" truecount="1" falsecount="0"/>
      <line num="124" count="73" type="cond" truecount="1" falsecount="0"/>
      <line num="125" count="89" type="cond" truecount="2" falsecount="0"/>
      <line num="126" count="73" type="stmt"/>
      <line num="127" count="73" type="stmt"/>
      <line num="128" count="77" type="stmt"/>
      <line num="130" count="1" type="stmt"/>
      <line num="131" count="0" type="stmt"/>
      <line num="132" count="0" type="stmt"/>
      <line num="133" count="0" type="stmt"/>
      <line num="134" count="0" type="stmt"/>
      <line num="135" count="0" type="stmt"/>
      <line num="136" count="0" type="stmt"/>
      <line num="137" count="0" type="stmt"/>
      <line num="157" count="1" type="cond" truecount="1" falsecount="0"/>
      <line num="158" count="3" type="stmt"/>
      <line num="159" count="3" type="stmt"/>
      <line num="163" count="1" type="cond" truecount="1" falsecount="0"/>
      <line num="164" count="3" type="stmt"/>
      <line num="165" count="3" type="stmt"/>
      <line num="168" count="1" type="stmt"/>
      <line num="169" count="0" type="stmt"/>
      <line num="170" count="0" type="stmt"/>
      <line num="173" count="1" type="stmt"/>
      <line num="174" count="0" type="stmt"/>
      <line num="175" count="0" type="stmt"/>
      <line num="177" count="1" type="stmt"/>
      <line num="178" count="0" type="stmt"/>
      <line num="179" count="0" type="stmt"/>
      <line num="181" count="1" type="stmt"/>
      <line num="182" count="0" type="stmt"/>
      <line num="183" count="0" type="stmt"/>
      <line num="185" count="1" type="stmt"/>
      <line num="186" count="0" type="stmt"/>
      <line num="187" count="0" type="stmt"/>
      <line num="189" count="1" type="stmt"/>
      <line num="190" count="0" type="stmt"/>
      <line num="191" count="0" type="stmt"/>
      <line num="193" count="1" type="stmt"/>
      <line num="194" count="0" type="stmt"/>
      <line num="195" count="0" type="stmt"/>
      <line num="198" count="1" type="cond" truecount="1" falsecount="0"/>
      <line num="199" count="13" type="stmt"/>
      <line num="200" count="13" type="stmt"/>
      <line num="203" count="1" type="cond" truecount="1" falsecount="0"/>
      <line num="204" count="52" type="stmt"/>
      <line num="205" count="52" type="stmt"/>
      <line num="207" count="1" type="cond" truecount="1" falsecount="0"/>
      <line num="208" count="1" type="stmt"/>
      <line num="209" count="1" type="stmt"/>
      <line num="212" count="1" type="stmt"/>
      <line num="213" count="0" type="stmt"/>
      <line num="214" count="0" type="stmt"/>
      <line num="217" count="1" type="stmt"/>
      <line num="218" count="0" type="stmt"/>
      <line num="219" count="0" type="stmt"/>
      <line num="222" count="1" type="stmt"/>
      <line num="223" count="0" type="stmt"/>
      <line num="224" count="0" type="stmt"/>
      <line num="227" count="1" type="stmt"/>
      <line num="228" count="0" type="stmt"/>
      <line num="229" count="0" type="stmt"/>
      <line num="232" count="1" type="stmt"/>
      <line num="233" count="0" type="stmt"/>
      <line num="234" count="0" type="stmt"/>
      <line num="240" count="1" type="cond" truecount="1" falsecount="0"/>
      <line num="241" count="8" type="stmt"/>
      <line num="242" count="8" type="stmt"/>
      <line num="245" count="1" type="cond" truecount="1" falsecount="0"/>
      <line num="246" count="6" type="stmt"/>
      <line num="247" count="6" type="stmt"/>
      <line num="251" count="1" type="cond" truecount="1" falsecount="0"/>
      <line num="252" count="5" type="stmt"/>
      <line num="253" count="5" type="stmt"/>
      <line num="254" count="5" type="stmt"/>
      <line num="255" count="5" type="cond" truecount="3" falsecount="0"/>
      <line num="256" count="4" type="stmt"/>
      <line num="257" count="5" type="cond" truecount="1" falsecount="0"/>
      <line num="258" count="1" type="stmt"/>
      <line num="259" count="1" type="stmt"/>
      <line num="260" count="5" type="stmt"/>
      <line num="263" count="1" type="cond" truecount="1" falsecount="0"/>
      <line num="264" count="1" type="stmt"/>
      <line num="265" count="1" type="stmt"/>
      <line num="268" count="1" type="cond" truecount="1" falsecount="0"/>
      <line num="269" count="2" type="stmt"/>
      <line num="270" count="2" type="stmt"/>
      <line num="273" count="1" type="cond" truecount="1" falsecount="0"/>
      <line num="274" count="2" type="stmt"/>
      <line num="275" count="2" type="stmt"/>
      <line num="280" count="1" type="cond" truecount="1" falsecount="0"/>
      <line num="281" count="3" type="stmt"/>
      <line num="282" count="3" type="stmt"/>
      <line num="283" count="3" type="stmt"/>
      <line num="284" count="3" type="cond" truecount="2" falsecount="0"/>
      <line num="285" count="3" type="stmt"/>
      <line num="286" count="3" type="cond" truecount="0" falsecount="1"/>
      <line num="287" count="0" type="stmt"/>
      <line num="288" count="0" type="stmt"/>
      <line num="289" count="3" type="stmt"/>
      <line num="292" count="1" type="cond" truecount="1" falsecount="0"/>
      <line num="293" count="4" type="stmt"/>
      <line num="294" count="4" type="stmt"/>
      <line num="297" count="1" type="cond" truecount="1" falsecount="0"/>
      <line num="298" count="1" type="stmt"/>
      <line num="299" count="1" type="stmt"/>
      <line num="302" count="1" type="cond" truecount="1" falsecount="0"/>
      <line num="303" count="4" type="stmt"/>
      <line num="304" count="4" type="stmt"/>
      <line num="307" count="1" type="stmt"/>
      <line num="308" count="0" type="stmt"/>
      <line num="309" count="0" type="stmt"/>
      <line num="311" count="1" type="stmt"/>
      <line num="312" count="0" type="stmt"/>
      <line num="313" count="0" type="stmt"/>
      <line num="314" count="1" type="stmt"/>
      <line num="316" count="1" type="stmt"/>
      <line num="317" count="1" type="stmt"/>
      <line num="318" count="0" type="stmt"/>
      <line num="319" count="0" type="stmt"/>
      <line num="320" count="1" type="stmt"/>
      <line num="322" count="1" type="cond" truecount="1" falsecount="0"/>
      <line num="324" count="5" type="stmt"/>
      <line num="325" count="5" type="stmt"/>
      <line num="327" count="1" type="cond" truecount="1" falsecount="0"/>
      <line num="329" count="1" type="stmt"/>
      <line num="331" count="1" type="stmt"/>
      <line num="333" count="1" type="stmt"/>
      <line num="335" count="1" type="stmt"/>
      <line num="337" count="1" type="stmt"/>
      <line num="339" count="1" type="stmt"/>
      <line num="347" count="1" type="cond" truecount="1" falsecount="0"/>
      <line num="348" count="112" type="stmt"/>
      <line num="349" count="112" type="cond" truecount="2" falsecount="0"/>
      <line num="350" count="112" type="stmt"/>
      <line num="351" count="112" type="stmt"/>
      <line num="353" count="112" type="cond" truecount="1" falsecount="0"/>
      <line num="354" count="25" type="cond" truecount="0" falsecount="1"/>
      <line num="355" count="25" type="stmt"/>
      <line num="357" count="112" type="cond" truecount="1" falsecount="0"/>
      <line num="358" count="26" type="stmt"/>
      <line num="359" count="26" type="cond" truecount="2" falsecount="1"/>
      <line num="361" count="0" type="stmt"/>
      <line num="362" count="26" type="stmt"/>
      <line num="364" count="112" type="stmt"/>
      <line num="366" count="112" type="cond" truecount="1" falsecount="0"/>
      <line num="367" count="63" type="stmt"/>
      <line num="368" count="63" type="stmt"/>
      <line num="369" count="63" type="stmt"/>
      <line num="370" count="63" type="cond" truecount="1" falsecount="0"/>
      <line num="371" count="12" type="stmt"/>
      <line num="372" count="12" type="stmt"/>
      <line num="373" count="12" type="stmt"/>
      <line num="374" count="12" type="stmt"/>
      <line num="375" count="63" type="stmt"/>
      <line num="377" count="63" type="stmt"/>
      <line num="378" count="63" type="cond" truecount="2" falsecount="0"/>
      <line num="379" count="40" type="stmt"/>
      <line num="380" count="40" type="stmt"/>
      <line num="382" count="63" type="cond" truecount="1" falsecount="0"/>
      <line num="383" count="61" type="cond" truecount="1" falsecount="0"/>
      <line num="384" count="9" type="cond" truecount="2" falsecount="0"/>
      <line num="385" count="3" type="stmt"/>
      <line num="386" count="3" type="stmt"/>
      <line num="387" count="9" type="stmt"/>
      <line num="388" count="61" type="cond" truecount="1" falsecount="0"/>
      <line num="389" count="9" type="cond" truecount="2" falsecount="0"/>
      <line num="390" count="3" type="stmt"/>
      <line num="391" count="3" type="stmt"/>
      <line num="392" count="9" type="stmt"/>
      <line num="393" count="61" type="stmt"/>
      <line num="394" count="63" type="stmt"/>
      <line num="395" count="63" type="stmt"/>
      <line num="396" count="63" type="cond" truecount="1" falsecount="0"/>
      <line num="397" count="13" type="cond" truecount="2" falsecount="0"/>
      <line num="398" count="1" type="stmt"/>
      <line num="399" count="1" type="stmt"/>
      <line num="400" count="1" type="stmt"/>
      <line num="401" count="1" type="stmt"/>
      <line num="402" count="1" type="stmt"/>
      <line num="403" count="13" type="cond" truecount="3" falsecount="0"/>
      <line num="404" count="3" type="stmt"/>
      <line num="405" count="3" type="stmt"/>
      <line num="406" count="3" type="stmt"/>
      <line num="407" count="3" type="stmt"/>
      <line num="408" count="3" type="stmt"/>
      <line num="409" count="12" type="cond" truecount="3" falsecount="0"/>
      <line num="410" count="2" type="stmt"/>
      <line num="411" count="2" type="stmt"/>
      <line num="412" count="2" type="stmt"/>
      <line num="413" count="2" type="stmt"/>
      <line num="414" count="2" type="stmt"/>
      <line num="415" count="2" type="stmt"/>
      <line num="416" count="13" type="stmt"/>
      <line num="417" count="63" type="stmt"/>
      <line num="418" count="63" type="stmt"/>
      <line num="419" count="63" type="cond" truecount="1" falsecount="0"/>
      <line num="420" count="13" type="cond" truecount="2" falsecount="0"/>
      <line num="421" count="1" type="stmt"/>
      <line num="422" count="1" type="stmt"/>
      <line num="423" count="1" type="stmt"/>
      <line num="424" count="1" type="stmt"/>
      <line num="425" count="1" type="stmt"/>
      <line num="426" count="13" type="cond" truecount="3" falsecount="0"/>
      <line num="427" count="3" type="stmt"/>
      <line num="428" count="3" type="stmt"/>
      <line num="429" count="3" type="stmt"/>
      <line num="430" count="3" type="stmt"/>
      <line num="431" count="3" type="stmt"/>
      <line num="432" count="12" type="cond" truecount="3" falsecount="0"/>
      <line num="433" count="2" type="stmt"/>
      <line num="434" count="2" type="stmt"/>
      <line num="435" count="2" type="stmt"/>
      <line num="436" count="2" type="stmt"/>
      <line num="437" count="2" type="stmt"/>
      <line num="438" count="2" type="stmt"/>
      <line num="439" count="13" type="stmt"/>
      <line num="440" count="63" type="stmt"/>
      <line num="441" count="63" type="cond" truecount="1" falsecount="0"/>
      <line num="442" count="6" type="stmt"/>
      <line num="443" count="6" type="stmt"/>
      <line num="444" count="6" type="cond" truecount="0" falsecount="1"/>
      <line num="445" count="0" type="stmt"/>
      <line num="446" count="0" type="stmt"/>
      <line num="447" count="0" type="stmt"/>
      <line num="448" count="0" type="stmt"/>
      <line num="449" count="0" type="stmt"/>
      <line num="450" count="0" type="stmt"/>
      <line num="451" count="6" type="cond" truecount="1" falsecount="0"/>
      <line num="452" count="57" type="stmt"/>
      <line num="453" count="63" type="stmt"/>
      <line num="455" count="1" type="cond" truecount="1" falsecount="0"/>
      <line num="456" count="6" type="stmt"/>
      <line num="457" count="6" type="stmt"/>
      <line num="459" count="1" type="cond" truecount="1" falsecount="0"/>
      <line num="460" count="739" type="cond" truecount="3" falsecount="0"/>
      <line num="461" count="739" type="cond" truecount="2" falsecount="0"/>
      <line num="462" count="739" type="cond" truecount="1" falsecount="0"/>
      <line num="463" count="87" type="cond" truecount="1" falsecount="0"/>
      <line num="464" count="87" type="stmt"/>
      <line num="465" count="87" type="cond" truecount="1" falsecount="0"/>
      <line num="466" count="731" type="stmt"/>
      <line num="467" count="739" type="stmt"/>
      <line num="469" count="1" type="stmt"/>
      <line num="472" count="1" type="stmt"/>
      <line num="474" count="1" type="stmt"/>
      <line num="475" count="1" type="cond" truecount="1" falsecount="0"/>
      <line num="476" count="2" type="stmt"/>
      <line num="477" count="2" type="stmt"/>
      <line num="479" count="1" type="cond" truecount="1" falsecount="0"/>
      <line num="480" count="2" type="stmt"/>
      <line num="481" count="2" type="stmt"/>
      <line num="482" count="2" type="stmt"/>
      <line num="484" count="1" type="cond" truecount="1" falsecount="0"/>
      <line num="485" count="3" type="stmt"/>
      <line num="486" count="3" type="stmt"/>
      <line num="487" count="1" type="stmt"/>
      <line num="492" count="1" type="cond" truecount="1" falsecount="0"/>
      <line num="493" count="67" type="stmt"/>
      <line num="495" count="1" type="cond" truecount="1" falsecount="0"/>
      <line num="496" count="1" type="stmt"/>
      <line num="497" count="1" type="stmt"/>
      <line num="498" count="1" type="stmt"/>
      <line num="499" count="1" type="stmt"/>
      <line num="500" count="1" type="stmt"/>
      <line num="501" count="1" type="stmt"/>
      <line num="502" count="1" type="stmt"/>
      <line num="503" count="1" type="stmt"/>
      <line num="504" count="1" type="stmt"/>
      <line num="505" count="1" type="stmt"/>
      <line num="506" count="1" type="cond" truecount="1" falsecount="0"/>
      <line num="507" count="1" type="stmt"/>
      <line num="508" count="1" type="stmt"/>
      <line num="509" count="1" type="stmt"/>
      <line num="510" count="1" type="stmt"/>
      <line num="511" count="1" type="cond" truecount="1" falsecount="0"/>
      <line num="512" count="1" type="stmt"/>
      <line num="513" count="1" type="cond" truecount="0" falsecount="1"/>
      <line num="514" count="0" type="stmt"/>
      <line num="515" count="1" type="stmt"/>
      <line num="516" count="1" type="stmt"/>
      <line num="517" count="1" type="stmt"/>
      <line num="518" count="1" type="stmt"/>
      <line num="519" count="1" type="stmt"/>
      <line num="520" count="1" type="stmt"/>
      <line num="522" count="1" type="stmt"/>
      <line num="524" count="1" type="cond" truecount="1" falsecount="0"/>
      <line num="525" count="306" type="stmt"/>
      <line num="526" count="306" type="stmt"/>
      <line num="527" count="306" type="stmt"/>
      <line num="528" count="306" type="stmt"/>
      <line num="529" count="306" type="stmt"/>
      <line num="530" count="306" type="cond" truecount="1" falsecount="0"/>
      <line num="531" count="153" type="stmt"/>
      <line num="532" count="153" type="stmt"/>
      <line num="533" count="153" type="cond" truecount="1" falsecount="0"/>
      <line num="534" count="153" type="cond" truecount="1" falsecount="0"/>
      <line num="535" count="153" type="stmt"/>
      <line num="536" count="153" type="cond" truecount="1" falsecount="0"/>
      <line num="537" count="102" type="stmt"/>
      <line num="538" count="102" type="cond" truecount="1" falsecount="0"/>
      <line num="539" count="175" type="stmt"/>
      <line num="540" count="175" type="stmt"/>
      <line num="541" count="175" type="cond" truecount="1" falsecount="0"/>
      <line num="542" count="174" type="stmt"/>
      <line num="543" count="174" type="cond" truecount="2" falsecount="0"/>
      <line num="544" count="4" type="cond" truecount="1" falsecount="0"/>
      <line num="546" count="3" type="stmt"/>
      <line num="547" count="3" type="stmt"/>
      <line num="548" count="3" type="stmt"/>
      <line num="549" count="3" type="stmt"/>
      <line num="550" count="3" type="cond" truecount="0" falsecount="1"/>
      <line num="551" count="0" type="stmt"/>
      <line num="552" count="0" type="stmt"/>
      <line num="553" count="3" type="stmt"/>
      <line num="554" count="4" type="stmt"/>
      <line num="555" count="174" type="stmt"/>
      <line num="556" count="174" type="stmt"/>
      <line num="557" count="175" type="cond" truecount="1" falsecount="0"/>
      <line num="558" count="175" type="stmt"/>
      <line num="559" count="102" type="stmt"/>
      <line num="560" count="102" type="stmt"/>
      <line num="561" count="153" type="cond" truecount="2" falsecount="0"/>
      <line num="562" count="49" type="stmt"/>
      <line num="563" count="51" type="cond" truecount="1" falsecount="0"/>
      <line num="564" count="2" type="stmt"/>
      <line num="565" count="2" type="cond" truecount="0" falsecount="1"/>
      <line num="566" count="0" type="stmt"/>
      <line num="567" count="0" type="stmt"/>
      <line num="568" count="306" type="stmt"/>
      <line num="569" count="1" type="stmt"/>
      <line num="571" count="1" type="stmt"/>
      <line num="572" count="1" type="stmt"/>
      <line num="573" count="0" type="stmt"/>
      <line num="574" count="0" type="stmt"/>
      <line num="576" count="1" type="stmt"/>
      <line num="577" count="0" type="stmt"/>
      <line num="578" count="0" type="stmt"/>
      <line num="579" count="0" type="stmt"/>
      <line num="581" count="1" type="stmt"/>
      <line num="582" count="0" type="stmt"/>
      <line num="583" count="0" type="stmt"/>
      <line num="584" count="0" type="stmt"/>
      <line num="585" count="0" type="stmt"/>
      <line num="586" count="0" type="stmt"/>
      <line num="587" count="0" type="stmt"/>
      <line num="588" count="0" type="stmt"/>
      <line num="589" count="0" type="stmt"/>
      <line num="590" count="0" type="stmt"/>
      <line num="591" count="0" type="stmt"/>
      <line num="592" count="0" type="stmt"/>
      <line num="593" count="0" type="stmt"/>
      <line num="594" count="0" type="stmt"/>
      <line num="595" count="0" type="stmt"/>
      <line num="596" count="0" type="stmt"/>
      <line num="598" count="0" type="stmt"/>
      <line num="599" count="0" type="stmt"/>
      <line num="600" count="0" type="stmt"/>
      <line num="601" count="0" type="stmt"/>
      <line num="602" count="0" type="stmt"/>
      <line num="603" count="1" type="stmt"/>
      <line num="605" count="1" type="stmt"/>
      <line num="606" count="1" type="cond" truecount="1" falsecount="0"/>
      <line num="607" count="4" type="stmt"/>
      <line num="608" count="4" type="stmt"/>
      <line num="609" count="1" type="cond" truecount="1" falsecount="0"/>
      <line num="610" count="13" type="stmt"/>
      <line num="611" count="13" type="stmt"/>
      <line num="612" count="1" type="stmt"/>
      <line num="614" count="1" type="stmt"/>
      <line num="631" count="1" type="cond" truecount="1" falsecount="0"/>
      <line num="632" count="9" type="stmt"/>
      <line num="633" count="9" type="stmt"/>
      <line num="634" count="9" type="stmt"/>
      <line num="635" count="9" type="stmt"/>
      <line num="636" count="9" type="stmt"/>
      <line num="637" count="9" type="stmt"/>
      <line num="638" count="9" type="stmt"/>
      <line num="639" count="9" type="stmt"/>
      <line num="641" count="1" type="cond" truecount="1" falsecount="0"/>
      <line num="642" count="19" type="stmt"/>
      <line num="643" count="19" type="cond" truecount="3" falsecount="0"/>
      <line num="644" count="19" type="stmt"/>
      <line num="645" count="19" type="stmt"/>
      <line num="646" count="19" type="cond" truecount="1" falsecount="0"/>
      <line num="647" count="19" type="stmt"/>
      <line num="648" count="19" type="stmt"/>
      <line num="649" count="19" type="stmt"/>
      <line num="650" count="19" type="stmt"/>
      <line num="651" count="19" type="stmt"/>
      <line num="652" count="19" type="cond" truecount="1" falsecount="0"/>
      <line num="653" count="17" type="cond" truecount="1" falsecount="0"/>
      <line num="654" count="13" type="stmt"/>
      <line num="655" count="17" type="cond" truecount="1" falsecount="0"/>
      <line num="656" count="4" type="stmt"/>
      <line num="657" count="4" type="cond" truecount="0" falsecount="1"/>
      <line num="658" count="4" type="stmt"/>
      <line num="659" count="4" type="stmt"/>
      <line num="660" count="17" type="stmt"/>
      <line num="661" count="19" type="stmt"/>
      <line num="662" count="19" type="stmt"/>
      <line num="664" count="19" type="stmt"/>
      <line num="665" count="1" type="stmt"/>
      <line num="667" count="1" type="stmt"/>
      <line num="668" count="1" type="cond" truecount="1" falsecount="0"/>
      <line num="669" count="53" type="stmt"/>
      <line num="670" count="53" type="stmt"/>
      <line num="671" count="53" type="stmt"/>
      <line num="672" count="53" type="stmt"/>
      <line num="673" count="53" type="stmt"/>
      <line num="674" count="53" type="stmt"/>
      <line num="676" count="1" type="cond" truecount="1" falsecount="0"/>
      <line num="677" count="1" type="stmt"/>
      <line num="678" count="1" type="stmt"/>
      <line num="679" count="1" type="stmt"/>
      <line num="681" count="1" type="cond" truecount="1" falsecount="0"/>
      <line num="682" count="56" type="cond" truecount="1" falsecount="0"/>
      <line num="683" count="1" type="cond" truecount="1" falsecount="0"/>
      <line num="684" count="55" type="stmt"/>
      <line num="685" count="56" type="stmt"/>
      <line num="686" count="1" type="stmt"/>
      <line num="688" count="1" type="stmt"/>
      <line num="689" count="1" type="cond" truecount="1" falsecount="0"/>
      <line num="690" count="1" type="stmt"/>
      <line num="691" count="1" type="stmt"/>
      <line num="693" count="1" type="cond" truecount="1" falsecount="0"/>
      <line num="694" count="1" type="stmt"/>
      <line num="695" count="1" type="stmt"/>
      <line num="696" count="1" type="stmt"/>
      <line num="701" count="1" type="cond" truecount="1" falsecount="0"/>
      <line num="702" count="43" type="stmt"/>
      <line num="703" count="1" type="cond" truecount="1" falsecount="0"/>
      <line num="704" count="53" type="stmt"/>
      <line num="705" count="53" type="stmt"/>
      <line num="706" count="1" type="cond" truecount="1" falsecount="0"/>
      <line num="707" count="23" type="stmt"/>
      <line num="708" count="23" type="stmt"/>
      <line num="709" count="23" type="cond" truecount="1" falsecount="0"/>
      <line num="710" count="32" type="cond" truecount="1" falsecount="0"/>
      <line num="711" count="17" type="cond" truecount="1" falsecount="0"/>
      <line num="712" count="17" type="stmt"/>
      <line num="713" count="17" type="stmt"/>
      <line num="714" count="32" type="cond" truecount="1" falsecount="0"/>
      <line num="715" count="15" type="stmt"/>
      <line num="716" count="15" type="stmt"/>
      <line num="717" count="23" type="stmt"/>
      <line num="718" count="23" type="cond" truecount="1" falsecount="0"/>
      <line num="719" count="23" type="stmt"/>
      <line num="720" count="23" type="stmt"/>
      <line num="721" count="1" type="stmt"/>
      <line num="723" count="1" type="stmt"/>
      <line num="724" count="1" type="cond" truecount="1" falsecount="0"/>
      <line num="725" count="3" type="stmt"/>
      <line num="726" count="3" type="stmt"/>
      <line num="728" count="1" type="cond" truecount="1" falsecount="0"/>
      <line num="729" count="3" type="stmt"/>
      <line num="730" count="3" type="stmt"/>
      <line num="731" count="3" type="stmt"/>
      <line num="733" count="1" type="cond" truecount="1" falsecount="0"/>
      <line num="734" count="3" type="stmt"/>
      <line num="735" count="3" type="stmt"/>
      <line num="736" count="3" type="stmt"/>
      <line num="737" count="3" type="cond" truecount="1" falsecount="0"/>
      <line num="738" count="6" type="cond" truecount="1" falsecount="0"/>
      <line num="739" count="4" type="stmt"/>
      <line num="740" count="4" type="cond" truecount="2" falsecount="0"/>
      <line num="741" count="4" type="stmt"/>
      <line num="742" count="4" type="stmt"/>
      <line num="743" count="4" type="cond" truecount="1" falsecount="0"/>
      <line num="744" count="4" type="stmt"/>
      <line num="745" count="4" type="stmt"/>
      <line num="747" count="6" type="cond" truecount="1" falsecount="0"/>
      <line num="748" count="2" type="stmt"/>
      <line num="749" count="2" type="stmt"/>
      <line num="750" count="2" type="stmt"/>
      <line num="751" count="2" type="stmt"/>
      <line num="752" count="2" type="cond" truecount="1" falsecount="0"/>
      <line num="753" count="2" type="stmt"/>
      <line num="754" count="2" type="stmt"/>
      <line num="755" count="2" type="stmt"/>
      <line num="757" count="2" type="stmt"/>
      <line num="758" count="3" type="stmt"/>
      <line num="759" count="3" type="stmt"/>
      <line num="760" count="3" type="stmt"/>
      <line num="761" count="1" type="stmt"/>
      <line num="763" count="1" type="stmt"/>
      <line num="764" count="1" type="cond" truecount="1" falsecount="0"/>
      <line num="765" count="4" type="stmt"/>
      <line num="766" count="4" type="stmt"/>
      <line num="768" count="1" type="cond" truecount="1" falsecount="0"/>
      <line num="769" count="1" type="stmt"/>
      <line num="770" count="1" type="stmt"/>
      <line num="771" count="1" type="stmt"/>
      <line num="773" count="1" type="cond" truecount="1" falsecount="0"/>
      <line num="774" count="1" type="stmt"/>
      <line num="775" count="1" type="stmt"/>
      <line num="776" count="1" type="stmt"/>
      <line num="778" count="1" type="cond" truecount="1" falsecount="0"/>
      <line num="779" count="4" type="stmt"/>
      <line num="780" count="4" type="cond" truecount="0" falsecount="1"/>
      <line num="781" count="4" type="stmt"/>
      <line num="782" count="4" type="stmt"/>
      <line num="783" count="4" type="stmt"/>
      <line num="784" count="4" type="stmt"/>
      <line num="785" count="4" type="cond" truecount="1" falsecount="0"/>
      <line num="786" count="4" type="cond" truecount="0" falsecount="1"/>
      <line num="787" count="4" type="stmt"/>
      <line num="788" count="4" type="stmt"/>
      <line num="789" count="4" type="stmt"/>
      <line num="790" count="4" type="stmt"/>
      <line num="791" count="4" type="stmt"/>
      <line num="792" count="4" type="stmt"/>
      <line num="793" count="4" type="cond" truecount="1" falsecount="0"/>
      <line num="794" count="4" type="cond" truecount="1" falsecount="0"/>
      <line num="795" count="2" type="stmt"/>
      <line num="796" count="2" type="stmt"/>
      <line num="797" count="2" type="stmt"/>
      <line num="798" count="4" type="stmt"/>
      <line num="799" count="4" type="cond" truecount="1" falsecount="0"/>
      <line num="800" count="2" type="stmt"/>
      <line num="801" count="2" type="cond" truecount="1" falsecount="0"/>
      <line num="802" count="1" type="cond" truecount="1" falsecount="0"/>
      <line num="803" count="1" type="stmt"/>
      <line num="804" count="2" type="stmt"/>
      <line num="805" count="4" type="stmt"/>
      <line num="807" count="4" type="cond" truecount="2" falsecount="1"/>
      <line num="808" count="4" type="stmt"/>
      <line num="809" count="4" type="stmt"/>
      <line num="810" count="4" type="stmt"/>
      <line num="811" count="4" type="stmt"/>
      <line num="812" count="4" type="stmt"/>
      <line num="814" count="4" type="stmt"/>
      <line num="815" count="1" type="stmt"/>
      <line num="817" count="1" type="stmt"/>
      <line num="818" count="1" type="cond" truecount="1" falsecount="0"/>
      <line num="819" count="5" type="stmt"/>
      <line num="820" count="5" type="stmt"/>
      <line num="823" count="1" type="cond" truecount="1" falsecount="0"/>
      <line num="824" count="1" type="stmt"/>
      <line num="825" count="1" type="stmt"/>
      <line num="826" count="1" type="stmt"/>
      <line num="828" count="1" type="cond" truecount="1" falsecount="0"/>
      <line num="829" count="1" type="stmt"/>
      <line num="830" count="1" type="stmt"/>
      <line num="831" count="1" type="stmt"/>
      <line num="834" count="1" type="cond" truecount="1" falsecount="0"/>
      <line num="835" count="5" type="cond" truecount="1" falsecount="0"/>
      <line num="836" count="5" type="stmt"/>
      <line num="837" count="5" type="stmt"/>
      <line num="839" count="1" type="cond" truecount="1" falsecount="0"/>
      <line num="840" count="54" type="stmt"/>
      <line num="841" count="54" type="cond" truecount="1" falsecount="0"/>
      <line num="842" count="13" type="cond" truecount="1" falsecount="0"/>
      <line num="843" count="13" type="stmt"/>
      <line num="844" count="13" type="stmt"/>
      <line num="845" count="54" type="stmt"/>
      <line num="846" count="54" type="stmt"/>
      <line num="848" count="1" type="cond" truecount="1" falsecount="0"/>
      <line num="849" count="33" type="stmt"/>
      <line num="850" count="33" type="cond" truecount="1" falsecount="0"/>
      <line num="851" count="33" type="cond" truecount="1" falsecount="0"/>
      <line num="852" count="33" type="stmt"/>
      <line num="853" count="33" type="stmt"/>
      <line num="855" count="1" type="cond" truecount="1" falsecount="0"/>
      <line num="856" count="6" type="stmt"/>
      <line num="857" count="6" type="stmt"/>
      <line num="858" count="6" type="stmt"/>
      <line num="859" count="6" type="stmt"/>
      <line num="860" count="6" type="stmt"/>
      <line num="861" count="6" type="stmt"/>
      <line num="862" count="6" type="stmt"/>
      <line num="864" count="1" type="cond" truecount="1" falsecount="0"/>
      <line num="865" count="21" type="stmt"/>
      <line num="866" count="21" type="cond" truecount="2" falsecount="0"/>
      <line num="867" count="1" type="stmt"/>
      <line num="868" count="1" type="cond" truecount="1" falsecount="0"/>
      <line num="869" count="20" type="stmt"/>
      <line num="870" count="20" type="stmt"/>
      <line num="871" count="20" type="stmt"/>
      <line num="872" count="20" type="cond" truecount="1" falsecount="0"/>
      <line num="873" count="26" type="cond" truecount="2" falsecount="0"/>
      <line num="874" count="26" type="cond" truecount="1" falsecount="0"/>
      <line num="875" count="13" type="cond" truecount="1" falsecount="0"/>
      <line num="876" count="7" type="cond" truecount="1" falsecount="0"/>
      <line num="877" count="7" type="stmt"/>
      <line num="878" count="7" type="stmt"/>
      <line num="879" count="7" type="cond" truecount="3" falsecount="0"/>
      <line num="880" count="7" type="cond" truecount="1" falsecount="0"/>
      <line num="881" count="7" type="cond" truecount="1" falsecount="0"/>
      <line num="882" count="6" type="stmt"/>
      <line num="883" count="6" type="stmt"/>
      <line num="884" count="6" type="cond" truecount="1" falsecount="0"/>
      <line num="885" count="6" type="cond" truecount="1" falsecount="0"/>
      <line num="886" count="6" type="stmt"/>
      <line num="887" count="13" type="stmt"/>
      <line num="888" count="13" type="stmt"/>
      <line num="889" count="13" type="cond" truecount="1" falsecount="1"/>
      <line num="890" count="13" type="stmt"/>
      <line num="891" count="13" type="stmt"/>
      <line num="892" count="13" type="cond" truecount="1" falsecount="0"/>
      <line num="893" count="13" type="cond" truecount="1" falsecount="0"/>
      <line num="894" count="13" type="stmt"/>
      <line num="895" count="13" type="cond" truecount="1" falsecount="0"/>
      <line num="897" count="13" type="stmt"/>
      <line num="898" count="20" type="stmt"/>
      <line num="899" count="20" type="stmt"/>
      <line num="900" count="21" type="stmt"/>
      <line num="901" count="1" type="stmt"/>
      <line num="903" count="1" type="stmt"/>
      <line num="904" count="1" type="cond" truecount="1" falsecount="0"/>
      <line num="905" count="3" type="stmt"/>
      <line num="906" count="3" type="stmt"/>
      <line num="907" count="3" type="stmt"/>
      <line num="908" count="3" type="stmt"/>
      <line num="909" count="3" type="stmt"/>
      <line num="910" count="3" type="stmt"/>
      <line num="911" count="3" type="stmt"/>
      <line num="913" count="1" type="cond" truecount="1" falsecount="0"/>
      <line num="914" count="1" type="stmt"/>
      <line num="915" count="1" type="stmt"/>
      <line num="916" count="1" type="stmt"/>
      <line num="918" count="1" type="cond" truecount="1" falsecount="0"/>
      <line num="919" count="3" type="stmt"/>
      <line num="920" count="3" type="stmt"/>
      <line num="921" count="3" type="stmt"/>
      <line num="922" count="3" type="stmt"/>
      <line num="923" count="3" type="stmt"/>
      <line num="924" count="3" type="cond" truecount="1" falsecount="0"/>
      <line num="925" count="3" type="stmt"/>
      <line num="926" count="3" type="stmt"/>
      <line num="927" count="3" type="cond" truecount="0" falsecount="1"/>
      <line num="928" count="3" type="stmt"/>
      <line num="930" count="3" type="stmt"/>
      <line num="931" count="1" type="stmt"/>
      <line num="933" count="1" type="stmt"/>
      <line num="934" count="1" type="cond" truecount="1" falsecount="0"/>
      <line num="935" count="2" type="stmt"/>
      <line num="936" count="2" type="stmt"/>
      <line num="938" count="1" type="cond" truecount="1" falsecount="0"/>
      <line num="939" count="2" type="stmt"/>
      <line num="940" count="2" type="stmt"/>
      <line num="941" count="2" type="stmt"/>
      <line num="942" count="2" type="stmt"/>
      <line num="943" count="2" type="cond" truecount="1" falsecount="0"/>
      <line num="944" count="2" type="stmt"/>
      <line num="945" count="2" type="cond" truecount="1" falsecount="0"/>
      <line num="946" count="1" type="cond" truecount="0" falsecount="1"/>
      <line num="947" count="1" type="stmt"/>
      <line num="948" count="1" type="stmt"/>
      <line num="949" count="2" type="stmt"/>
      <line num="950" count="2" type="stmt"/>
      <line num="951" count="2" type="stmt"/>
      <line num="952" count="2" type="stmt"/>
      <line num="953" count="2" type="stmt"/>
      <line num="955" count="2" type="stmt"/>
      <line num="956" count="1" type="stmt"/>
      <line num="958" count="1" type="stmt"/>
      <line num="959" count="1" type="cond" truecount="1" falsecount="0"/>
      <line num="960" count="6" type="stmt"/>
      <line num="961" count="6" type="stmt"/>
      <line num="963" count="1" type="cond" truecount="1" falsecount="0"/>
      <line num="964" count="56" type="stmt"/>
      <line num="965" count="56" type="cond" truecount="1" falsecount="0"/>
      <line num="966" count="14" type="stmt"/>
      <line num="967" count="14" type="stmt"/>
      <line num="968" count="14" type="stmt"/>
      <line num="969" count="56" type="stmt"/>
      <line num="970" count="56" type="stmt"/>
      <line num="972" count="1" type="cond" truecount="1" falsecount="0"/>
      <line num="973" count="34" type="stmt"/>
      <line num="974" count="34" type="cond" truecount="1" falsecount="0"/>
      <line num="975" count="34" type="cond" truecount="1" falsecount="0"/>
      <line num="976" count="34" type="stmt"/>
      <line num="977" count="34" type="stmt"/>
      <line num="979" count="1" type="cond" truecount="1" falsecount="0"/>
      <line num="980" count="7" type="stmt"/>
      <line num="981" count="7" type="stmt"/>
      <line num="982" count="7" type="stmt"/>
      <line num="983" count="7" type="stmt"/>
      <line num="984" count="7" type="stmt"/>
      <line num="985" count="7" type="cond" truecount="2" falsecount="0"/>
      <line num="986" count="6" type="stmt"/>
      <line num="987" count="7" type="stmt"/>
      <line num="988" count="7" type="stmt"/>
      <line num="990" count="1" type="cond" truecount="1" falsecount="0"/>
      <line num="991" count="22" type="stmt"/>
      <line num="992" count="22" type="cond" truecount="2" falsecount="0"/>
      <line num="993" count="1" type="stmt"/>
      <line num="994" count="1" type="cond" truecount="1" falsecount="0"/>
      <line num="995" count="21" type="stmt"/>
      <line num="996" count="21" type="cond" truecount="1" falsecount="0"/>
      <line num="997" count="21" type="stmt"/>
      <line num="998" count="21" type="stmt"/>
      <line num="999" count="21" type="cond" truecount="1" falsecount="0"/>
      <line num="1000" count="21" type="stmt"/>
      <line num="1001" count="21" type="cond" truecount="0" falsecount="1"/>
      <line num="1002" count="21" type="stmt"/>
      <line num="1003" count="21" type="stmt"/>
      <line num="1004" count="21" type="cond" truecount="1" falsecount="0"/>
      <line num="1005" count="21" type="stmt"/>
      <line num="1006" count="21" type="cond" truecount="1" falsecount="0"/>
      <line num="1008" count="22" type="stmt"/>
      <line num="1009" count="1" type="stmt"/>
      <line num="1011" count="1" type="stmt"/>
      <line num="1012" count="1" type="cond" truecount="1" falsecount="0"/>
      <line num="1013" count="4" type="stmt"/>
      <line num="1014" count="4" type="stmt"/>
      <line num="1015" count="4" type="stmt"/>
      <line num="1016" count="4" type="stmt"/>
      <line num="1017" count="4" type="stmt"/>
      <line num="1018" count="4" type="stmt"/>
      <line num="1020" count="1" type="cond" truecount="1" falsecount="0"/>
      <line num="1021" count="2" type="stmt"/>
      <line num="1022" count="2" type="stmt"/>
      <line num="1023" count="2" type="stmt"/>
      <line num="1025" count="1" type="cond" truecount="1" falsecount="0"/>
      <line num="1026" count="4" type="stmt"/>
      <line num="1027" count="4" type="stmt"/>
      <line num="1028" count="4" type="cond" truecount="2" falsecount="0"/>
      <line num="1030" count="2" type="cond" truecount="0" falsecount="1"/>
      <line num="1031" count="2" type="cond" truecount="0" falsecount="1"/>
      <line num="1032" count="2" type="stmt"/>
      <line num="1033" count="2" type="stmt"/>
      <line num="1034" count="4" type="stmt"/>
      <line num="1035" count="4" type="stmt"/>
      <line num="1036" count="4" type="stmt"/>
      <line num="1037" count="4" type="cond" truecount="1" falsecount="0"/>
      <line num="1038" count="14" type="stmt"/>
      <line num="1039" count="14" type="cond" truecount="1" falsecount="0"/>
      <line num="1040" count="4" type="stmt"/>
      <line num="1041" count="4" type="stmt"/>
      <line num="1042" count="4" type="stmt"/>
      <line num="1043" count="4" type="stmt"/>
      <line num="1044" count="4" type="cond" truecount="1" falsecount="0"/>
      <line num="1045" count="4" type="stmt"/>
      <line num="1046" count="4" type="stmt"/>
      <line num="1047" count="14" type="cond" truecount="1" falsecount="0"/>
      <line num="1048" count="10" type="stmt"/>
      <line num="1049" count="10" type="stmt"/>
      <line num="1050" count="10" type="cond" truecount="2" falsecount="0"/>
      <line num="1051" count="10" type="stmt"/>
      <line num="1052" count="10" type="stmt"/>
      <line num="1053" count="10" type="cond" truecount="1" falsecount="1"/>
      <line num="1054" count="10" type="stmt"/>
      <line num="1055" count="10" type="stmt"/>
      <line num="1056" count="10" type="stmt"/>
      <line num="1057" count="10" type="stmt"/>
      <line num="1058" count="10" type="cond" truecount="1" falsecount="0"/>
      <line num="1059" count="10" type="stmt"/>
      <line num="1060" count="10" type="stmt"/>
      <line num="1061" count="10" type="stmt"/>
      <line num="1063" count="10" type="stmt"/>
      <line num="1064" count="4" type="stmt"/>
      <line num="1065" count="4" type="stmt"/>
      <line num="1066" count="4" type="stmt"/>
      <line num="1067" count="1" type="stmt"/>
      <line num="1069" count="1" type="cond" truecount="1" falsecount="0"/>
      <line num="1070" count="1" type="cond" truecount="1" falsecount="0"/>
      <line num="1071" count="13" type="stmt"/>
      <line num="1072" count="13" type="stmt"/>
      <line num="1074" count="1" type="cond" truecount="1" falsecount="0"/>
      <line num="1075" count="1" type="stmt"/>
      <line num="1076" count="1" type="stmt"/>
      <line num="1077" count="1" type="stmt"/>
      <line num="1079" count="1" type="stmt"/>
      <line num="1080" count="1" type="stmt"/>
      <line num="1081" count="1" type="stmt"/>
      <line num="1082" count="1" type="stmt"/>
      <line num="1083" count="1" type="cond" truecount="1" falsecount="0"/>
      <line num="1084" count="68" type="cond" truecount="1" falsecount="0"/>
      <line num="1085" count="67" type="stmt"/>
      <line num="1086" count="67" type="stmt"/>
      <line num="1087" count="67" type="stmt"/>
      <line num="1088" count="67" type="stmt"/>
      <line num="1089" count="67" type="stmt"/>
      <line num="1090" count="68" type="cond" truecount="1" falsecount="0"/>
      <line num="1091" count="1" type="stmt"/>
      <line num="1092" count="1" type="stmt"/>
      <line num="1093" count="68" type="stmt"/>
      <line num="1095" count="1" type="cond" truecount="1" falsecount="0"/>
      <line num="1096" count="28" type="stmt"/>
      <line num="1097" count="28" type="cond" truecount="1" falsecount="0"/>
      <line num="1098" count="28" type="stmt"/>
      <line num="1099" count="28" type="stmt"/>
      <line num="1100" count="28" type="cond" truecount="1" falsecount="0"/>
      <line num="1101" count="28" type="cond" truecount="1" falsecount="0"/>
      <line num="1102" count="28" type="stmt"/>
      <line num="1103" count="28" type="cond" truecount="1" falsecount="0"/>
      <line num="1105" count="28" type="stmt"/>
      <line num="1106" count="1" type="stmt"/>
      <line num="1108" count="1" type="stmt"/>
      <line num="1109" count="1" type="cond" truecount="1" falsecount="0"/>
      <line num="1110" count="3" type="stmt"/>
      <line num="1111" count="3" type="stmt"/>
      <line num="1113" count="1" type="cond" truecount="1" falsecount="0"/>
      <line num="1114" count="1" type="stmt"/>
      <line num="1115" count="1" type="stmt"/>
      <line num="1116" count="1" type="stmt"/>
      <line num="1118" count="1" type="cond" truecount="1" falsecount="0"/>
      <line num="1119" count="7" type="stmt"/>
      <line num="1120" count="7" type="stmt"/>
      <line num="1121" count="7" type="cond" truecount="3" falsecount="0"/>
      <line num="1122" count="7" type="stmt"/>
      <line num="1123" count="7" type="stmt"/>
      <line num="1124" count="7" type="stmt"/>
      <line num="1125" count="7" type="cond" truecount="1" falsecount="0"/>
      <line num="1126" count="31" type="stmt"/>
      <line num="1127" count="31" type="stmt"/>
      <line num="1128" count="31" type="cond" truecount="2" falsecount="0"/>
      <line num="1129" count="31" type="stmt"/>
      <line num="1130" count="31" type="stmt"/>
      <line num="1131" count="7" type="stmt"/>
      <line num="1132" count="7" type="stmt"/>
      <line num="1133" count="7" type="stmt"/>
      <line num="1134" count="7" type="stmt"/>
      <line num="1135" count="1" type="stmt"/>
      <line num="1137" count="1" type="cond" truecount="1" falsecount="0"/>
      <line num="1138" count="62" type="cond" truecount="2" falsecount="0"/>
      <line num="1139" count="61" type="stmt"/>
      <line num="1140" count="62" type="stmt"/>
    </file>
  </project>
</coverage>
