{"C:\\Users\\tea\\Documents\\Eventus\\md-builder\\src\\index.ts": {"path":"C:\\Users\\tea\\Documents\\Eventus\\md-builder\\src\\index.ts","all":false,"statementMap":{"0":{"start":{"line":1,"column":0},"end":{"line":1,"column":41}},"4":{"start":{"line":5,"column":0},"end":{"line":5,"column":37}},"5":{"start":{"line":6,"column":0},"end":{"line":6,"column":18}}},"s":{"0":1,"4":1,"5":1},"branchMap":{},"b":{},"fnMap":{},"f":{}}
,"C:\\Users\\tea\\Documents\\Eventus\\md-builder\\src\\md-builder.ts": {"path":"C:\\Users\\tea\\Documents\\Eventus\\md-builder\\src\\md-builder.ts","all":false,"statementMap":{"0":{"start":{"line":1,"column":0},"end":{"line":1,"column":59}},"1":{"start":{"line":2,"column":0},"end":{"line":2,"column":28}},"82":{"start":{"line":83,"column":0},"end":{"line":83,"column":83}},"83":{"start":{"line":84,"column":0},"end":{"line":84,"column":14}},"84":{"start":{"line":85,"column":0},"end":{"line":85,"column":15}},"85":{"start":{"line":86,"column":0},"end":{"line":86,"column":16}},"86":{"start":{"line":87,"column":0},"end":{"line":87,"column":24}},"87":{"start":{"line":88,"column":0},"end":{"line":88,"column":19}},"88":{"start":{"line":89,"column":0},"end":{"line":89,"column":21}},"89":{"start":{"line":90,"column":0},"end":{"line":90,"column":21}},"90":{"start":{"line":91,"column":0},"end":{"line":91,"column":27}},"91":{"start":{"line":92,"column":0},"end":{"line":92,"column":14}},"92":{"start":{"line":93,"column":0},"end":{"line":93,"column":32}},"93":{"start":{"line":94,"column":0},"end":{"line":94,"column":15}},"94":{"start":{"line":95,"column":0},"end":{"line":95,"column":21}},"95":{"start":{"line":96,"column":0},"end":{"line":96,"column":23}},"96":{"start":{"line":97,"column":0},"end":{"line":97,"column":22}},"97":{"start":{"line":98,"column":0},"end":{"line":98,"column":25}},"98":{"start":{"line":99,"column":0},"end":{"line":99,"column":25}},"99":{"start":{"line":100,"column":0},"end":{"line":100,"column":27}},"100":{"start":{"line":101,"column":0},"end":{"line":101,"column":30}},"101":{"start":{"line":102,"column":0},"end":{"line":102,"column":4}},"103":{"start":{"line":104,"column":0},"end":{"line":104,"column":48}},"104":{"start":{"line":105,"column":0},"end":{"line":105,"column":12}},"105":{"start":{"line":106,"column":0},"end":{"line":106,"column":25}},"106":{"start":{"line":107,"column":0},"end":{"line":107,"column":22}},"107":{"start":{"line":108,"column":0},"end":{"line":108,"column":19}},"108":{"start":{"line":109,"column":0},"end":{"line":109,"column":15}},"109":{"start":{"line":110,"column":0},"end":{"line":110,"column":29}},"110":{"start":{"line":111,"column":0},"end":{"line":111,"column":23}},"111":{"start":{"line":112,"column":0},"end":{"line":112,"column":37}},"112":{"start":{"line":113,"column":0},"end":{"line":113,"column":33}},"113":{"start":{"line":114,"column":0},"end":{"line":114,"column":8}},"114":{"start":{"line":115,"column":0},"end":{"line":115,"column":6}},"115":{"start":{"line":116,"column":0},"end":{"line":116,"column":3}},"117":{"start":{"line":118,"column":0},"end":{"line":118,"column":86}},"118":{"start":{"line":119,"column":0},"end":{"line":119,"column":86}},"119":{"start":{"line":120,"column":0},"end":{"line":120,"column":41}},"120":{"start":{"line":121,"column":0},"end":{"line":121,"column":143}},"121":{"start":{"line":122,"column":0},"end":{"line":122,"column":26}},"122":{"start":{"line":123,"column":0},"end":{"line":123,"column":14}},"123":{"start":{"line":124,"column":0},"end":{"line":124,"column":49}},"124":{"start":{"line":125,"column":0},"end":{"line":125,"column":70}},"125":{"start":{"line":126,"column":0},"end":{"line":126,"column":11}},"126":{"start":{"line":127,"column":0},"end":{"line":127,"column":7}},"127":{"start":{"line":128,"column":0},"end":{"line":128,"column":5}},"129":{"start":{"line":130,"column":0},"end":{"line":130,"column":69}},"130":{"start":{"line":131,"column":0},"end":{"line":131,"column":29}},"131":{"start":{"line":132,"column":0},"end":{"line":132,"column":17}},"132":{"start":{"line":133,"column":0},"end":{"line":133,"column":17}},"133":{"start":{"line":134,"column":0},"end":{"line":134,"column":36}},"134":{"start":{"line":135,"column":0},"end":{"line":135,"column":15}},"135":{"start":{"line":136,"column":0},"end":{"line":136,"column":56}},"136":{"start":{"line":137,"column":0},"end":{"line":137,"column":5}},"156":{"start":{"line":157,"column":0},"end":{"line":157,"column":75}},"157":{"start":{"line":158,"column":0},"end":{"line":158,"column":49}},"158":{"start":{"line":159,"column":0},"end":{"line":159,"column":5}},"162":{"start":{"line":163,"column":0},"end":{"line":163,"column":98}},"163":{"start":{"line":164,"column":0},"end":{"line":164,"column":94}},"164":{"start":{"line":165,"column":0},"end":{"line":165,"column":5}},"167":{"start":{"line":168,"column":0},"end":{"line":168,"column":45}},"168":{"start":{"line":169,"column":0},"end":{"line":169,"column":53}},"169":{"start":{"line":170,"column":0},"end":{"line":170,"column":5}},"172":{"start":{"line":173,"column":0},"end":{"line":173,"column":99}},"173":{"start":{"line":174,"column":0},"end":{"line":174,"column":86}},"174":{"start":{"line":175,"column":0},"end":{"line":175,"column":5}},"176":{"start":{"line":177,"column":0},"end":{"line":177,"column":99}},"177":{"start":{"line":178,"column":0},"end":{"line":178,"column":86}},"178":{"start":{"line":179,"column":0},"end":{"line":179,"column":5}},"180":{"start":{"line":181,"column":0},"end":{"line":181,"column":99}},"181":{"start":{"line":182,"column":0},"end":{"line":182,"column":86}},"182":{"start":{"line":183,"column":0},"end":{"line":183,"column":5}},"184":{"start":{"line":185,"column":0},"end":{"line":185,"column":99}},"185":{"start":{"line":186,"column":0},"end":{"line":186,"column":86}},"186":{"start":{"line":187,"column":0},"end":{"line":187,"column":5}},"188":{"start":{"line":189,"column":0},"end":{"line":189,"column":99}},"189":{"start":{"line":190,"column":0},"end":{"line":190,"column":86}},"190":{"start":{"line":191,"column":0},"end":{"line":191,"column":5}},"192":{"start":{"line":193,"column":0},"end":{"line":193,"column":99}},"193":{"start":{"line":194,"column":0},"end":{"line":194,"column":86}},"194":{"start":{"line":195,"column":0},"end":{"line":195,"column":5}},"197":{"start":{"line":198,"column":0},"end":{"line":198,"column":100}},"198":{"start":{"line":199,"column":0},"end":{"line":199,"column":87}},"199":{"start":{"line":200,"column":0},"end":{"line":200,"column":5}},"202":{"start":{"line":203,"column":0},"end":{"line":203,"column":100}},"203":{"start":{"line":204,"column":0},"end":{"line":204,"column":82}},"204":{"start":{"line":205,"column":0},"end":{"line":205,"column":5}},"206":{"start":{"line":207,"column":0},"end":{"line":207,"column":100}},"207":{"start":{"line":208,"column":0},"end":{"line":208,"column":90}},"208":{"start":{"line":209,"column":0},"end":{"line":209,"column":5}},"211":{"start":{"line":212,"column":0},"end":{"line":212,"column":100}},"212":{"start":{"line":213,"column":0},"end":{"line":213,"column":92}},"213":{"start":{"line":214,"column":0},"end":{"line":214,"column":5}},"216":{"start":{"line":217,"column":0},"end":{"line":217,"column":100}},"217":{"start":{"line":218,"column":0},"end":{"line":218,"column":99}},"218":{"start":{"line":219,"column":0},"end":{"line":219,"column":5}},"221":{"start":{"line":222,"column":0},"end":{"line":222,"column":102}},"222":{"start":{"line":223,"column":0},"end":{"line":223,"column":97}},"223":{"start":{"line":224,"column":0},"end":{"line":224,"column":5}},"226":{"start":{"line":227,"column":0},"end":{"line":227,"column":102}},"227":{"start":{"line":228,"column":0},"end":{"line":228,"column":95}},"228":{"start":{"line":229,"column":0},"end":{"line":229,"column":5}},"231":{"start":{"line":232,"column":0},"end":{"line":232,"column":70}},"232":{"start":{"line":233,"column":0},"end":{"line":233,"column":91}},"233":{"start":{"line":234,"column":0},"end":{"line":234,"column":5}},"239":{"start":{"line":240,"column":0},"end":{"line":240,"column":112}},"240":{"start":{"line":241,"column":0},"end":{"line":241,"column":62}},"241":{"start":{"line":242,"column":0},"end":{"line":242,"column":5}},"244":{"start":{"line":245,"column":0},"end":{"line":245,"column":42}},"245":{"start":{"line":246,"column":0},"end":{"line":246,"column":50}},"246":{"start":{"line":247,"column":0},"end":{"line":247,"column":5}},"250":{"start":{"line":251,"column":0},"end":{"line":251,"column":13}},"251":{"start":{"line":252,"column":0},"end":{"line":252,"column":81}},"252":{"start":{"line":253,"column":0},"end":{"line":253,"column":81}},"253":{"start":{"line":254,"column":0},"end":{"line":254,"column":7}},"254":{"start":{"line":255,"column":0},"end":{"line":255,"column":111}},"255":{"start":{"line":256,"column":0},"end":{"line":256,"column":62}},"256":{"start":{"line":257,"column":0},"end":{"line":257,"column":14}},"257":{"start":{"line":258,"column":0},"end":{"line":258,"column":88}},"258":{"start":{"line":259,"column":0},"end":{"line":259,"column":7}},"259":{"start":{"line":260,"column":0},"end":{"line":260,"column":5}},"262":{"start":{"line":263,"column":0},"end":{"line":263,"column":68}},"263":{"start":{"line":264,"column":0},"end":{"line":264,"column":89}},"264":{"start":{"line":265,"column":0},"end":{"line":265,"column":5}},"267":{"start":{"line":268,"column":0},"end":{"line":268,"column":72}},"268":{"start":{"line":269,"column":0},"end":{"line":269,"column":100}},"269":{"start":{"line":270,"column":0},"end":{"line":270,"column":5}},"272":{"start":{"line":273,"column":0},"end":{"line":273,"column":10}},"273":{"start":{"line":274,"column":0},"end":{"line":274,"column":32}},"274":{"start":{"line":275,"column":0},"end":{"line":275,"column":5}},"279":{"start":{"line":280,"column":0},"end":{"line":280,"column":15}},"280":{"start":{"line":281,"column":0},"end":{"line":281,"column":81}},"281":{"start":{"line":282,"column":0},"end":{"line":282,"column":81}},"282":{"start":{"line":283,"column":0},"end":{"line":283,"column":7}},"283":{"start":{"line":284,"column":0},"end":{"line":284,"column":111}},"284":{"start":{"line":285,"column":0},"end":{"line":285,"column":64}},"285":{"start":{"line":286,"column":0},"end":{"line":286,"column":14}},"286":{"start":{"line":287,"column":0},"end":{"line":287,"column":90}},"287":{"start":{"line":288,"column":0},"end":{"line":288,"column":7}},"288":{"start":{"line":289,"column":0},"end":{"line":289,"column":5}},"291":{"start":{"line":292,"column":0},"end":{"line":292,"column":48}},"292":{"start":{"line":293,"column":0},"end":{"line":293,"column":55}},"293":{"start":{"line":294,"column":0},"end":{"line":294,"column":5}},"296":{"start":{"line":297,"column":0},"end":{"line":297,"column":52}},"297":{"start":{"line":298,"column":0},"end":{"line":298,"column":58}},"298":{"start":{"line":299,"column":0},"end":{"line":299,"column":5}},"301":{"start":{"line":302,"column":0},"end":{"line":302,"column":91}},"302":{"start":{"line":303,"column":0},"end":{"line":303,"column":41}},"303":{"start":{"line":304,"column":0},"end":{"line":304,"column":5}},"306":{"start":{"line":307,"column":0},"end":{"line":307,"column":89}},"307":{"start":{"line":308,"column":0},"end":{"line":308,"column":44}},"308":{"start":{"line":309,"column":0},"end":{"line":309,"column":5}},"310":{"start":{"line":311,"column":0},"end":{"line":311,"column":108}},"311":{"start":{"line":312,"column":0},"end":{"line":312,"column":48}},"312":{"start":{"line":313,"column":0},"end":{"line":313,"column":5}},"313":{"start":{"line":314,"column":0},"end":{"line":314,"column":3}},"315":{"start":{"line":316,"column":0},"end":{"line":316,"column":56}},"316":{"start":{"line":317,"column":0},"end":{"line":317,"column":85}},"317":{"start":{"line":318,"column":0},"end":{"line":318,"column":72}},"318":{"start":{"line":319,"column":0},"end":{"line":319,"column":5}},"319":{"start":{"line":320,"column":0},"end":{"line":320,"column":3}},"321":{"start":{"line":322,"column":0},"end":{"line":322,"column":50}},"323":{"start":{"line":324,"column":0},"end":{"line":324,"column":86}},"324":{"start":{"line":325,"column":0},"end":{"line":325,"column":3}},"326":{"start":{"line":327,"column":0},"end":{"line":327,"column":25}},"328":{"start":{"line":329,"column":0},"end":{"line":329,"column":54}},"330":{"start":{"line":331,"column":0},"end":{"line":331,"column":58}},"332":{"start":{"line":333,"column":0},"end":{"line":333,"column":56}},"334":{"start":{"line":335,"column":0},"end":{"line":335,"column":42}},"336":{"start":{"line":337,"column":0},"end":{"line":337,"column":46}},"338":{"start":{"line":339,"column":0},"end":{"line":339,"column":44}},"346":{"start":{"line":347,"column":0},"end":{"line":347,"column":62}},"347":{"start":{"line":348,"column":0},"end":{"line":348,"column":94}},"348":{"start":{"line":349,"column":0},"end":{"line":349,"column":140}},"349":{"start":{"line":350,"column":0},"end":{"line":350,"column":149}},"350":{"start":{"line":351,"column":0},"end":{"line":351,"column":5}},"352":{"start":{"line":353,"column":0},"end":{"line":353,"column":96}},"353":{"start":{"line":354,"column":0},"end":{"line":354,"column":134}},"354":{"start":{"line":355,"column":0},"end":{"line":355,"column":5}},"356":{"start":{"line":357,"column":0},"end":{"line":357,"column":109}},"357":{"start":{"line":358,"column":0},"end":{"line":358,"column":35}},"358":{"start":{"line":359,"column":0},"end":{"line":359,"column":121}},"360":{"start":{"line":361,"column":0},"end":{"line":361,"column":28}},"361":{"start":{"line":362,"column":0},"end":{"line":362,"column":5}},"363":{"start":{"line":364,"column":0},"end":{"line":364,"column":31}},"365":{"start":{"line":366,"column":0},"end":{"line":366,"column":105}},"366":{"start":{"line":367,"column":0},"end":{"line":367,"column":61}},"367":{"start":{"line":368,"column":0},"end":{"line":368,"column":32}},"368":{"start":{"line":369,"column":0},"end":{"line":369,"column":10}},"369":{"start":{"line":370,"column":0},"end":{"line":370,"column":70}},"370":{"start":{"line":371,"column":0},"end":{"line":371,"column":30}},"371":{"start":{"line":372,"column":0},"end":{"line":372,"column":48}},"372":{"start":{"line":373,"column":0},"end":{"line":373,"column":9}},"373":{"start":{"line":374,"column":0},"end":{"line":374,"column":17}},"374":{"start":{"line":375,"column":0},"end":{"line":375,"column":35}},"376":{"start":{"line":377,"column":0},"end":{"line":377,"column":55}},"377":{"start":{"line":378,"column":0},"end":{"line":378,"column":66}},"378":{"start":{"line":379,"column":0},"end":{"line":379,"column":57}},"379":{"start":{"line":380,"column":0},"end":{"line":380,"column":7}},"381":{"start":{"line":382,"column":0},"end":{"line":382,"column":36}},"382":{"start":{"line":383,"column":0},"end":{"line":383,"column":68}},"383":{"start":{"line":384,"column":0},"end":{"line":384,"column":52}},"384":{"start":{"line":385,"column":0},"end":{"line":385,"column":68}},"385":{"start":{"line":386,"column":0},"end":{"line":386,"column":11}},"386":{"start":{"line":387,"column":0},"end":{"line":387,"column":9}},"387":{"start":{"line":388,"column":0},"end":{"line":388,"column":72}},"388":{"start":{"line":389,"column":0},"end":{"line":389,"column":52}},"389":{"start":{"line":390,"column":0},"end":{"line":390,"column":68}},"390":{"start":{"line":391,"column":0},"end":{"line":391,"column":11}},"391":{"start":{"line":392,"column":0},"end":{"line":392,"column":9}},"392":{"start":{"line":393,"column":0},"end":{"line":393,"column":7}},"393":{"start":{"line":394,"column":0},"end":{"line":394,"column":37}},"394":{"start":{"line":395,"column":0},"end":{"line":395,"column":37}},"395":{"start":{"line":396,"column":0},"end":{"line":396,"column":72}},"396":{"start":{"line":397,"column":0},"end":{"line":397,"column":52}},"397":{"start":{"line":398,"column":0},"end":{"line":398,"column":25}},"398":{"start":{"line":399,"column":0},"end":{"line":399,"column":75}},"399":{"start":{"line":400,"column":0},"end":{"line":400,"column":58}},"400":{"start":{"line":401,"column":0},"end":{"line":401,"column":32}},"401":{"start":{"line":402,"column":0},"end":{"line":402,"column":15}},"402":{"start":{"line":403,"column":0},"end":{"line":403,"column":100}},"403":{"start":{"line":404,"column":0},"end":{"line":404,"column":25}},"404":{"start":{"line":405,"column":0},"end":{"line":405,"column":76}},"405":{"start":{"line":406,"column":0},"end":{"line":406,"column":59}},"406":{"start":{"line":407,"column":0},"end":{"line":407,"column":32}},"407":{"start":{"line":408,"column":0},"end":{"line":408,"column":15}},"408":{"start":{"line":409,"column":0},"end":{"line":409,"column":83}},"409":{"start":{"line":410,"column":0},"end":{"line":410,"column":25}},"410":{"start":{"line":411,"column":0},"end":{"line":411,"column":78}},"411":{"start":{"line":412,"column":0},"end":{"line":412,"column":60}},"412":{"start":{"line":413,"column":0},"end":{"line":413,"column":32}},"413":{"start":{"line":414,"column":0},"end":{"line":414,"column":15}},"414":{"start":{"line":415,"column":0},"end":{"line":415,"column":11}},"415":{"start":{"line":416,"column":0},"end":{"line":416,"column":9}},"416":{"start":{"line":417,"column":0},"end":{"line":417,"column":7}},"417":{"start":{"line":418,"column":0},"end":{"line":418,"column":37}},"418":{"start":{"line":419,"column":0},"end":{"line":419,"column":76}},"419":{"start":{"line":420,"column":0},"end":{"line":420,"column":52}},"420":{"start":{"line":421,"column":0},"end":{"line":421,"column":25}},"421":{"start":{"line":422,"column":0},"end":{"line":422,"column":74}},"422":{"start":{"line":423,"column":0},"end":{"line":423,"column":52}},"423":{"start":{"line":424,"column":0},"end":{"line":424,"column":32}},"424":{"start":{"line":425,"column":0},"end":{"line":425,"column":15}},"425":{"start":{"line":426,"column":0},"end":{"line":426,"column":100}},"426":{"start":{"line":427,"column":0},"end":{"line":427,"column":25}},"427":{"start":{"line":428,"column":0},"end":{"line":428,"column":75}},"428":{"start":{"line":429,"column":0},"end":{"line":429,"column":53}},"429":{"start":{"line":430,"column":0},"end":{"line":430,"column":32}},"430":{"start":{"line":431,"column":0},"end":{"line":431,"column":15}},"431":{"start":{"line":432,"column":0},"end":{"line":432,"column":83}},"432":{"start":{"line":433,"column":0},"end":{"line":433,"column":25}},"433":{"start":{"line":434,"column":0},"end":{"line":434,"column":77}},"434":{"start":{"line":435,"column":0},"end":{"line":435,"column":54}},"435":{"start":{"line":436,"column":0},"end":{"line":436,"column":32}},"436":{"start":{"line":437,"column":0},"end":{"line":437,"column":15}},"437":{"start":{"line":438,"column":0},"end":{"line":438,"column":11}},"438":{"start":{"line":439,"column":0},"end":{"line":439,"column":9}},"439":{"start":{"line":440,"column":0},"end":{"line":440,"column":7}},"440":{"start":{"line":441,"column":0},"end":{"line":441,"column":26}},"441":{"start":{"line":442,"column":0},"end":{"line":442,"column":23}},"442":{"start":{"line":443,"column":0},"end":{"line":443,"column":42}},"443":{"start":{"line":444,"column":0},"end":{"line":444,"column":16}},"444":{"start":{"line":445,"column":0},"end":{"line":445,"column":26}},"445":{"start":{"line":446,"column":0},"end":{"line":446,"column":87}},"446":{"start":{"line":447,"column":0},"end":{"line":447,"column":38}},"447":{"start":{"line":448,"column":0},"end":{"line":448,"column":134}},"448":{"start":{"line":449,"column":0},"end":{"line":449,"column":12}},"449":{"start":{"line":450,"column":0},"end":{"line":450,"column":9}},"450":{"start":{"line":451,"column":0},"end":{"line":451,"column":7}},"451":{"start":{"line":452,"column":0},"end":{"line":452,"column":20}},"452":{"start":{"line":453,"column":0},"end":{"line":453,"column":6}},"454":{"start":{"line":455,"column":0},"end":{"line":455,"column":91}},"455":{"start":{"line":456,"column":0},"end":{"line":456,"column":52}},"456":{"start":{"line":457,"column":0},"end":{"line":457,"column":5}},"458":{"start":{"line":459,"column":0},"end":{"line":459,"column":130}},"459":{"start":{"line":460,"column":0},"end":{"line":460,"column":65}},"460":{"start":{"line":461,"column":0},"end":{"line":461,"column":60}},"461":{"start":{"line":462,"column":0},"end":{"line":462,"column":37}},"462":{"start":{"line":463,"column":0},"end":{"line":463,"column":72}},"463":{"start":{"line":464,"column":0},"end":{"line":464,"column":46}},"464":{"start":{"line":465,"column":0},"end":{"line":465,"column":7}},"465":{"start":{"line":466,"column":0},"end":{"line":466,"column":17}},"466":{"start":{"line":467,"column":0},"end":{"line":467,"column":5}},"468":{"start":{"line":469,"column":0},"end":{"line":469,"column":3}},"471":{"start":{"line":472,"column":0},"end":{"line":472,"column":50}},"473":{"start":{"line":474,"column":0},"end":{"line":474,"column":86}},"474":{"start":{"line":475,"column":0},"end":{"line":475,"column":77}},"475":{"start":{"line":476,"column":0},"end":{"line":476,"column":14}},"476":{"start":{"line":477,"column":0},"end":{"line":477,"column":5}},"478":{"start":{"line":479,"column":0},"end":{"line":479,"column":75}},"479":{"start":{"line":480,"column":0},"end":{"line":480,"column":84}},"480":{"start":{"line":481,"column":0},"end":{"line":481,"column":18}},"481":{"start":{"line":482,"column":0},"end":{"line":482,"column":5}},"483":{"start":{"line":484,"column":0},"end":{"line":484,"column":59}},"484":{"start":{"line":485,"column":0},"end":{"line":485,"column":29}},"485":{"start":{"line":486,"column":0},"end":{"line":486,"column":5}},"486":{"start":{"line":487,"column":0},"end":{"line":487,"column":3}},"491":{"start":{"line":492,"column":0},"end":{"line":492,"column":87}},"492":{"start":{"line":493,"column":0},"end":{"line":493,"column":54}},"494":{"start":{"line":495,"column":0},"end":{"line":495,"column":56}},"495":{"start":{"line":496,"column":0},"end":{"line":496,"column":29}},"496":{"start":{"line":497,"column":0},"end":{"line":497,"column":113}},"497":{"start":{"line":498,"column":0},"end":{"line":498,"column":17}},"498":{"start":{"line":499,"column":0},"end":{"line":499,"column":19}},"499":{"start":{"line":500,"column":0},"end":{"line":500,"column":36}},"500":{"start":{"line":501,"column":0},"end":{"line":501,"column":7}},"501":{"start":{"line":502,"column":0},"end":{"line":502,"column":14}},"502":{"start":{"line":503,"column":0},"end":{"line":503,"column":87}},"503":{"start":{"line":504,"column":0},"end":{"line":504,"column":27}},"504":{"start":{"line":505,"column":0},"end":{"line":505,"column":21}},"505":{"start":{"line":506,"column":0},"end":{"line":506,"column":74}},"506":{"start":{"line":507,"column":0},"end":{"line":507,"column":49}},"507":{"start":{"line":508,"column":0},"end":{"line":508,"column":11}},"508":{"start":{"line":509,"column":0},"end":{"line":509,"column":27}},"509":{"start":{"line":510,"column":0},"end":{"line":510,"column":21}},"510":{"start":{"line":511,"column":0},"end":{"line":511,"column":17}},"511":{"start":{"line":512,"column":0},"end":{"line":512,"column":82}},"512":{"start":{"line":513,"column":0},"end":{"line":513,"column":31}},"513":{"start":{"line":514,"column":0},"end":{"line":514,"column":58}},"514":{"start":{"line":515,"column":0},"end":{"line":515,"column":20}},"515":{"start":{"line":516,"column":0},"end":{"line":516,"column":26}},"516":{"start":{"line":517,"column":0},"end":{"line":517,"column":13}},"517":{"start":{"line":518,"column":0},"end":{"line":518,"column":12}},"518":{"start":{"line":519,"column":0},"end":{"line":519,"column":49}},"519":{"start":{"line":520,"column":0},"end":{"line":520,"column":9}},"521":{"start":{"line":522,"column":0},"end":{"line":522,"column":5}},"523":{"start":{"line":524,"column":0},"end":{"line":524,"column":43}},"524":{"start":{"line":525,"column":0},"end":{"line":525,"column":29}},"525":{"start":{"line":526,"column":0},"end":{"line":526,"column":113}},"526":{"start":{"line":527,"column":0},"end":{"line":527,"column":17}},"527":{"start":{"line":528,"column":0},"end":{"line":528,"column":36}},"528":{"start":{"line":529,"column":0},"end":{"line":529,"column":15}},"529":{"start":{"line":530,"column":0},"end":{"line":530,"column":40}},"530":{"start":{"line":531,"column":0},"end":{"line":531,"column":34}},"531":{"start":{"line":532,"column":0},"end":{"line":532,"column":21}},"532":{"start":{"line":533,"column":0},"end":{"line":533,"column":60}},"533":{"start":{"line":534,"column":0},"end":{"line":534,"column":49}},"534":{"start":{"line":535,"column":0},"end":{"line":535,"column":10}},"535":{"start":{"line":536,"column":0},"end":{"line":536,"column":42}},"536":{"start":{"line":537,"column":0},"end":{"line":537,"column":22}},"537":{"start":{"line":538,"column":0},"end":{"line":538,"column":31}},"538":{"start":{"line":539,"column":0},"end":{"line":539,"column":31}},"539":{"start":{"line":540,"column":0},"end":{"line":540,"column":25}},"540":{"start":{"line":541,"column":0},"end":{"line":541,"column":21}},"541":{"start":{"line":542,"column":0},"end":{"line":542,"column":72}},"542":{"start":{"line":543,"column":0},"end":{"line":543,"column":63}},"543":{"start":{"line":544,"column":0},"end":{"line":544,"column":74}},"545":{"start":{"line":546,"column":0},"end":{"line":546,"column":90}},"546":{"start":{"line":547,"column":0},"end":{"line":547,"column":50}},"547":{"start":{"line":548,"column":0},"end":{"line":548,"column":100}},"548":{"start":{"line":549,"column":0},"end":{"line":549,"column":28}},"549":{"start":{"line":550,"column":0},"end":{"line":550,"column":41}},"550":{"start":{"line":551,"column":0},"end":{"line":551,"column":28}},"551":{"start":{"line":552,"column":0},"end":{"line":552,"column":21}},"552":{"start":{"line":553,"column":0},"end":{"line":553,"column":19}},"553":{"start":{"line":554,"column":0},"end":{"line":554,"column":17}},"554":{"start":{"line":555,"column":0},"end":{"line":555,"column":27}},"555":{"start":{"line":556,"column":0},"end":{"line":556,"column":16}},"556":{"start":{"line":557,"column":0},"end":{"line":557,"column":53}},"557":{"start":{"line":558,"column":0},"end":{"line":558,"column":13}},"558":{"start":{"line":559,"column":0},"end":{"line":559,"column":11}},"559":{"start":{"line":560,"column":0},"end":{"line":560,"column":20}},"560":{"start":{"line":561,"column":0},"end":{"line":561,"column":52}},"561":{"start":{"line":562,"column":0},"end":{"line":562,"column":54}},"562":{"start":{"line":563,"column":0},"end":{"line":563,"column":49}},"563":{"start":{"line":564,"column":0},"end":{"line":564,"column":54}},"564":{"start":{"line":565,"column":0},"end":{"line":565,"column":14}},"565":{"start":{"line":566,"column":0},"end":{"line":566,"column":72}},"566":{"start":{"line":567,"column":0},"end":{"line":567,"column":7}},"567":{"start":{"line":568,"column":0},"end":{"line":568,"column":5}},"568":{"start":{"line":569,"column":0},"end":{"line":569,"column":3}},"570":{"start":{"line":571,"column":0},"end":{"line":571,"column":86}},"571":{"start":{"line":572,"column":0},"end":{"line":572,"column":92}},"572":{"start":{"line":573,"column":0},"end":{"line":573,"column":14}},"573":{"start":{"line":574,"column":0},"end":{"line":574,"column":5}},"575":{"start":{"line":576,"column":0},"end":{"line":576,"column":72}},"576":{"start":{"line":577,"column":0},"end":{"line":577,"column":75}},"577":{"start":{"line":578,"column":0},"end":{"line":578,"column":18}},"578":{"start":{"line":579,"column":0},"end":{"line":579,"column":5}},"580":{"start":{"line":581,"column":0},"end":{"line":581,"column":69}},"581":{"start":{"line":582,"column":0},"end":{"line":582,"column":43}},"582":{"start":{"line":583,"column":0},"end":{"line":583,"column":27}},"583":{"start":{"line":584,"column":0},"end":{"line":584,"column":38}},"584":{"start":{"line":585,"column":0},"end":{"line":585,"column":31}},"585":{"start":{"line":586,"column":0},"end":{"line":586,"column":69}},"586":{"start":{"line":587,"column":0},"end":{"line":587,"column":43}},"587":{"start":{"line":588,"column":0},"end":{"line":588,"column":144}},"588":{"start":{"line":589,"column":0},"end":{"line":589,"column":73}},"589":{"start":{"line":590,"column":0},"end":{"line":590,"column":27}},"590":{"start":{"line":591,"column":0},"end":{"line":591,"column":11}},"591":{"start":{"line":592,"column":0},"end":{"line":592,"column":46}},"592":{"start":{"line":593,"column":0},"end":{"line":593,"column":16}},"593":{"start":{"line":594,"column":0},"end":{"line":594,"column":146}},"594":{"start":{"line":595,"column":0},"end":{"line":595,"column":9}},"595":{"start":{"line":596,"column":0},"end":{"line":596,"column":96}},"597":{"start":{"line":598,"column":0},"end":{"line":598,"column":28}},"598":{"start":{"line":599,"column":0},"end":{"line":599,"column":9}},"599":{"start":{"line":600,"column":0},"end":{"line":600,"column":7}},"600":{"start":{"line":601,"column":0},"end":{"line":601,"column":32}},"601":{"start":{"line":602,"column":0},"end":{"line":602,"column":5}},"602":{"start":{"line":603,"column":0},"end":{"line":603,"column":3}},"604":{"start":{"line":605,"column":0},"end":{"line":605,"column":99}},"605":{"start":{"line":606,"column":0},"end":{"line":606,"column":52}},"606":{"start":{"line":607,"column":0},"end":{"line":607,"column":14}},"607":{"start":{"line":608,"column":0},"end":{"line":608,"column":5}},"608":{"start":{"line":609,"column":0},"end":{"line":609,"column":77}},"609":{"start":{"line":610,"column":0},"end":{"line":610,"column":95}},"610":{"start":{"line":611,"column":0},"end":{"line":611,"column":5}},"611":{"start":{"line":612,"column":0},"end":{"line":612,"column":3}},"613":{"start":{"line":614,"column":0},"end":{"line":614,"column":86}},"630":{"start":{"line":631,"column":0},"end":{"line":631,"column":16}},"631":{"start":{"line":632,"column":0},"end":{"line":632,"column":38}},"632":{"start":{"line":633,"column":0},"end":{"line":633,"column":67}},"633":{"start":{"line":634,"column":0},"end":{"line":634,"column":47}},"634":{"start":{"line":635,"column":0},"end":{"line":635,"column":30}},"635":{"start":{"line":636,"column":0},"end":{"line":636,"column":32}},"636":{"start":{"line":637,"column":0},"end":{"line":637,"column":7}},"637":{"start":{"line":638,"column":0},"end":{"line":638,"column":14}},"638":{"start":{"line":639,"column":0},"end":{"line":639,"column":5}},"640":{"start":{"line":641,"column":0},"end":{"line":641,"column":69}},"641":{"start":{"line":642,"column":0},"end":{"line":642,"column":14}},"642":{"start":{"line":643,"column":0},"end":{"line":643,"column":108}},"643":{"start":{"line":644,"column":0},"end":{"line":644,"column":27}},"644":{"start":{"line":645,"column":0},"end":{"line":645,"column":21}},"645":{"start":{"line":646,"column":0},"end":{"line":646,"column":81}},"646":{"start":{"line":647,"column":0},"end":{"line":647,"column":49}},"647":{"start":{"line":648,"column":0},"end":{"line":648,"column":11}},"648":{"start":{"line":649,"column":0},"end":{"line":649,"column":86}},"649":{"start":{"line":650,"column":0},"end":{"line":650,"column":27}},"650":{"start":{"line":651,"column":0},"end":{"line":651,"column":21}},"651":{"start":{"line":652,"column":0},"end":{"line":652,"column":17}},"652":{"start":{"line":653,"column":0},"end":{"line":653,"column":56}},"653":{"start":{"line":654,"column":0},"end":{"line":654,"column":111}},"654":{"start":{"line":655,"column":0},"end":{"line":655,"column":20}},"655":{"start":{"line":656,"column":0},"end":{"line":656,"column":86}},"656":{"start":{"line":657,"column":0},"end":{"line":657,"column":83}},"657":{"start":{"line":658,"column":0},"end":{"line":658,"column":18}},"658":{"start":{"line":659,"column":0},"end":{"line":659,"column":13}},"659":{"start":{"line":660,"column":0},"end":{"line":660,"column":12}},"660":{"start":{"line":661,"column":0},"end":{"line":661,"column":49}},"661":{"start":{"line":662,"column":0},"end":{"line":662,"column":9}},"663":{"start":{"line":664,"column":0},"end":{"line":664,"column":5}},"664":{"start":{"line":665,"column":0},"end":{"line":665,"column":3}},"666":{"start":{"line":667,"column":0},"end":{"line":667,"column":86}},"667":{"start":{"line":668,"column":0},"end":{"line":668,"column":16}},"668":{"start":{"line":669,"column":0},"end":{"line":669,"column":38}},"669":{"start":{"line":670,"column":0},"end":{"line":670,"column":74}},"670":{"start":{"line":671,"column":0},"end":{"line":671,"column":112}},"671":{"start":{"line":672,"column":0},"end":{"line":672,"column":7}},"672":{"start":{"line":673,"column":0},"end":{"line":673,"column":14}},"673":{"start":{"line":674,"column":0},"end":{"line":674,"column":5}},"675":{"start":{"line":676,"column":0},"end":{"line":676,"column":105}},"676":{"start":{"line":677,"column":0},"end":{"line":677,"column":75}},"677":{"start":{"line":678,"column":0},"end":{"line":678,"column":18}},"678":{"start":{"line":679,"column":0},"end":{"line":679,"column":5}},"680":{"start":{"line":681,"column":0},"end":{"line":681,"column":69}},"681":{"start":{"line":682,"column":0},"end":{"line":682,"column":26}},"682":{"start":{"line":683,"column":0},"end":{"line":683,"column":104}},"683":{"start":{"line":684,"column":0},"end":{"line":684,"column":78}},"684":{"start":{"line":685,"column":0},"end":{"line":685,"column":5}},"685":{"start":{"line":686,"column":0},"end":{"line":686,"column":3}},"687":{"start":{"line":688,"column":0},"end":{"line":688,"column":85}},"688":{"start":{"line":689,"column":0},"end":{"line":689,"column":75}},"689":{"start":{"line":690,"column":0},"end":{"line":690,"column":14}},"690":{"start":{"line":691,"column":0},"end":{"line":691,"column":5}},"692":{"start":{"line":693,"column":0},"end":{"line":693,"column":69}},"693":{"start":{"line":694,"column":0},"end":{"line":694,"column":72}},"694":{"start":{"line":695,"column":0},"end":{"line":695,"column":5}},"695":{"start":{"line":696,"column":0},"end":{"line":696,"column":3}},"700":{"start":{"line":701,"column":0},"end":{"line":701,"column":86}},"701":{"start":{"line":702,"column":0},"end":{"line":702,"column":53}},"702":{"start":{"line":703,"column":0},"end":{"line":703,"column":118}},"703":{"start":{"line":704,"column":0},"end":{"line":704,"column":49}},"704":{"start":{"line":705,"column":0},"end":{"line":705,"column":5}},"705":{"start":{"line":706,"column":0},"end":{"line":706,"column":121}},"706":{"start":{"line":707,"column":0},"end":{"line":707,"column":74}},"707":{"start":{"line":708,"column":0},"end":{"line":708,"column":62}},"708":{"start":{"line":709,"column":0},"end":{"line":709,"column":33}},"709":{"start":{"line":710,"column":0},"end":{"line":710,"column":43}},"710":{"start":{"line":711,"column":0},"end":{"line":711,"column":51}},"711":{"start":{"line":712,"column":0},"end":{"line":712,"column":23}},"712":{"start":{"line":713,"column":0},"end":{"line":713,"column":28}},"713":{"start":{"line":714,"column":0},"end":{"line":714,"column":16}},"714":{"start":{"line":715,"column":0},"end":{"line":715,"column":29}},"715":{"start":{"line":716,"column":0},"end":{"line":716,"column":9}},"716":{"start":{"line":717,"column":0},"end":{"line":717,"column":9}},"717":{"start":{"line":718,"column":0},"end":{"line":718,"column":47}},"718":{"start":{"line":719,"column":0},"end":{"line":719,"column":20}},"719":{"start":{"line":720,"column":0},"end":{"line":720,"column":5}},"720":{"start":{"line":721,"column":0},"end":{"line":721,"column":3}},"722":{"start":{"line":723,"column":0},"end":{"line":723,"column":91}},"723":{"start":{"line":724,"column":0},"end":{"line":724,"column":137}},"724":{"start":{"line":725,"column":0},"end":{"line":725,"column":14}},"725":{"start":{"line":726,"column":0},"end":{"line":726,"column":5}},"727":{"start":{"line":728,"column":0},"end":{"line":728,"column":91}},"728":{"start":{"line":729,"column":0},"end":{"line":729,"column":36}},"729":{"start":{"line":730,"column":0},"end":{"line":730,"column":18}},"730":{"start":{"line":731,"column":0},"end":{"line":731,"column":5}},"732":{"start":{"line":733,"column":0},"end":{"line":733,"column":77}},"733":{"start":{"line":734,"column":0},"end":{"line":734,"column":44}},"734":{"start":{"line":735,"column":0},"end":{"line":735,"column":63}},"735":{"start":{"line":736,"column":0},"end":{"line":736,"column":19}},"736":{"start":{"line":737,"column":0},"end":{"line":737,"column":32}},"737":{"start":{"line":738,"column":0},"end":{"line":738,"column":46}},"738":{"start":{"line":739,"column":0},"end":{"line":739,"column":20}},"739":{"start":{"line":740,"column":0},"end":{"line":740,"column":118}},"740":{"start":{"line":741,"column":0},"end":{"line":741,"column":33}},"741":{"start":{"line":742,"column":0},"end":{"line":742,"column":27}},"742":{"start":{"line":743,"column":0},"end":{"line":743,"column":112}},"743":{"start":{"line":744,"column":0},"end":{"line":744,"column":55}},"744":{"start":{"line":745,"column":0},"end":{"line":745,"column":15}},"746":{"start":{"line":747,"column":0},"end":{"line":747,"column":18}},"747":{"start":{"line":748,"column":0},"end":{"line":748,"column":20}},"748":{"start":{"line":749,"column":0},"end":{"line":749,"column":106}},"749":{"start":{"line":750,"column":0},"end":{"line":750,"column":33}},"750":{"start":{"line":751,"column":0},"end":{"line":751,"column":27}},"751":{"start":{"line":752,"column":0},"end":{"line":752,"column":117}},"752":{"start":{"line":753,"column":0},"end":{"line":753,"column":55}},"753":{"start":{"line":754,"column":0},"end":{"line":754,"column":17}},"754":{"start":{"line":755,"column":0},"end":{"line":755,"column":91}},"756":{"start":{"line":757,"column":0},"end":{"line":757,"column":11}},"757":{"start":{"line":758,"column":0},"end":{"line":758,"column":10}},"758":{"start":{"line":759,"column":0},"end":{"line":759,"column":18}},"759":{"start":{"line":760,"column":0},"end":{"line":760,"column":5}},"760":{"start":{"line":761,"column":0},"end":{"line":761,"column":3}},"762":{"start":{"line":763,"column":0},"end":{"line":763,"column":90}},"763":{"start":{"line":764,"column":0},"end":{"line":764,"column":97}},"764":{"start":{"line":765,"column":0},"end":{"line":765,"column":14}},"765":{"start":{"line":766,"column":0},"end":{"line":766,"column":5}},"767":{"start":{"line":768,"column":0},"end":{"line":768,"column":72}},"768":{"start":{"line":769,"column":0},"end":{"line":769,"column":75}},"769":{"start":{"line":770,"column":0},"end":{"line":770,"column":18}},"770":{"start":{"line":771,"column":0},"end":{"line":771,"column":5}},"772":{"start":{"line":773,"column":0},"end":{"line":773,"column":47}},"773":{"start":{"line":774,"column":0},"end":{"line":774,"column":31}},"774":{"start":{"line":775,"column":0},"end":{"line":775,"column":18}},"775":{"start":{"line":776,"column":0},"end":{"line":776,"column":5}},"777":{"start":{"line":778,"column":0},"end":{"line":778,"column":69}},"778":{"start":{"line":779,"column":0},"end":{"line":779,"column":37}},"779":{"start":{"line":780,"column":0},"end":{"line":780,"column":57}},"780":{"start":{"line":781,"column":0},"end":{"line":781,"column":14}},"781":{"start":{"line":782,"column":0},"end":{"line":782,"column":96}},"782":{"start":{"line":783,"column":0},"end":{"line":783,"column":27}},"783":{"start":{"line":784,"column":0},"end":{"line":784,"column":21}},"784":{"start":{"line":785,"column":0},"end":{"line":785,"column":17}},"785":{"start":{"line":786,"column":0},"end":{"line":786,"column":60}},"786":{"start":{"line":787,"column":0},"end":{"line":787,"column":35}},"787":{"start":{"line":788,"column":0},"end":{"line":788,"column":39}},"788":{"start":{"line":789,"column":0},"end":{"line":789,"column":48}},"789":{"start":{"line":790,"column":0},"end":{"line":790,"column":77}},"790":{"start":{"line":791,"column":0},"end":{"line":791,"column":32}},"791":{"start":{"line":792,"column":0},"end":{"line":792,"column":27}},"792":{"start":{"line":793,"column":0},"end":{"line":793,"column":140}},"793":{"start":{"line":794,"column":0},"end":{"line":794,"column":44}},"794":{"start":{"line":795,"column":0},"end":{"line":795,"column":83}},"795":{"start":{"line":796,"column":0},"end":{"line":796,"column":35}},"796":{"start":{"line":797,"column":0},"end":{"line":797,"column":17}},"797":{"start":{"line":798,"column":0},"end":{"line":798,"column":16}},"798":{"start":{"line":799,"column":0},"end":{"line":799,"column":53}},"799":{"start":{"line":800,"column":0},"end":{"line":800,"column":23}},"800":{"start":{"line":801,"column":0},"end":{"line":801,"column":41}},"801":{"start":{"line":802,"column":0},"end":{"line":802,"column":57}},"802":{"start":{"line":803,"column":0},"end":{"line":803,"column":96}},"803":{"start":{"line":804,"column":0},"end":{"line":804,"column":15}},"804":{"start":{"line":805,"column":0},"end":{"line":805,"column":13}},"806":{"start":{"line":807,"column":0},"end":{"line":807,"column":132}},"807":{"start":{"line":808,"column":0},"end":{"line":808,"column":63}},"808":{"start":{"line":809,"column":0},"end":{"line":809,"column":12}},"809":{"start":{"line":810,"column":0},"end":{"line":810,"column":49}},"810":{"start":{"line":811,"column":0},"end":{"line":811,"column":11}},"811":{"start":{"line":812,"column":0},"end":{"line":812,"column":85}},"813":{"start":{"line":814,"column":0},"end":{"line":814,"column":5}},"814":{"start":{"line":815,"column":0},"end":{"line":815,"column":3}},"816":{"start":{"line":817,"column":0},"end":{"line":817,"column":89}},"817":{"start":{"line":818,"column":0},"end":{"line":818,"column":137}},"818":{"start":{"line":819,"column":0},"end":{"line":819,"column":14}},"819":{"start":{"line":820,"column":0},"end":{"line":820,"column":5}},"822":{"start":{"line":823,"column":0},"end":{"line":823,"column":32}},"823":{"start":{"line":824,"column":0},"end":{"line":824,"column":22}},"824":{"start":{"line":825,"column":0},"end":{"line":825,"column":18}},"825":{"start":{"line":826,"column":0},"end":{"line":826,"column":5}},"827":{"start":{"line":828,"column":0},"end":{"line":828,"column":91}},"828":{"start":{"line":829,"column":0},"end":{"line":829,"column":36}},"829":{"start":{"line":830,"column":0},"end":{"line":830,"column":18}},"830":{"start":{"line":831,"column":0},"end":{"line":831,"column":5}},"833":{"start":{"line":834,"column":0},"end":{"line":834,"column":15}},"834":{"start":{"line":835,"column":0},"end":{"line":835,"column":62}},"835":{"start":{"line":836,"column":0},"end":{"line":836,"column":23}},"836":{"start":{"line":837,"column":0},"end":{"line":837,"column":5}},"838":{"start":{"line":839,"column":0},"end":{"line":839,"column":48}},"839":{"start":{"line":840,"column":0},"end":{"line":840,"column":61}},"840":{"start":{"line":841,"column":0},"end":{"line":841,"column":19}},"841":{"start":{"line":842,"column":0},"end":{"line":842,"column":98}},"842":{"start":{"line":843,"column":0},"end":{"line":843,"column":58}},"843":{"start":{"line":844,"column":0},"end":{"line":844,"column":7}},"844":{"start":{"line":845,"column":0},"end":{"line":845,"column":19}},"845":{"start":{"line":846,"column":0},"end":{"line":846,"column":5}},"847":{"start":{"line":848,"column":0},"end":{"line":848,"column":104}},"848":{"start":{"line":849,"column":0},"end":{"line":849,"column":49}},"849":{"start":{"line":850,"column":0},"end":{"line":850,"column":41}},"850":{"start":{"line":851,"column":0},"end":{"line":851,"column":37}},"851":{"start":{"line":852,"column":0},"end":{"line":852,"column":25}},"852":{"start":{"line":853,"column":0},"end":{"line":853,"column":5}},"854":{"start":{"line":855,"column":0},"end":{"line":855,"column":26}},"855":{"start":{"line":856,"column":0},"end":{"line":856,"column":29}},"856":{"start":{"line":857,"column":0},"end":{"line":857,"column":37}},"857":{"start":{"line":858,"column":0},"end":{"line":858,"column":108}},"858":{"start":{"line":859,"column":0},"end":{"line":859,"column":22}},"859":{"start":{"line":860,"column":0},"end":{"line":860,"column":15}},"860":{"start":{"line":861,"column":0},"end":{"line":861,"column":55}},"861":{"start":{"line":862,"column":0},"end":{"line":862,"column":5}},"863":{"start":{"line":864,"column":0},"end":{"line":864,"column":77}},"864":{"start":{"line":865,"column":0},"end":{"line":865,"column":54}},"865":{"start":{"line":866,"column":0},"end":{"line":866,"column":63}},"866":{"start":{"line":867,"column":0},"end":{"line":867,"column":18}},"867":{"start":{"line":868,"column":0},"end":{"line":868,"column":7}},"868":{"start":{"line":869,"column":0},"end":{"line":869,"column":92}},"869":{"start":{"line":870,"column":0},"end":{"line":870,"column":63}},"870":{"start":{"line":871,"column":0},"end":{"line":871,"column":19}},"871":{"start":{"line":872,"column":0},"end":{"line":872,"column":32}},"872":{"start":{"line":873,"column":0},"end":{"line":873,"column":67}},"873":{"start":{"line":874,"column":0},"end":{"line":874,"column":46}},"874":{"start":{"line":875,"column":0},"end":{"line":875,"column":30}},"875":{"start":{"line":876,"column":0},"end":{"line":876,"column":102}},"876":{"start":{"line":877,"column":0},"end":{"line":877,"column":37}},"877":{"start":{"line":878,"column":0},"end":{"line":878,"column":31}},"878":{"start":{"line":879,"column":0},"end":{"line":879,"column":137}},"879":{"start":{"line":880,"column":0},"end":{"line":880,"column":59}},"880":{"start":{"line":881,"column":0},"end":{"line":881,"column":19}},"881":{"start":{"line":882,"column":0},"end":{"line":882,"column":35}},"882":{"start":{"line":883,"column":0},"end":{"line":883,"column":29}},"883":{"start":{"line":884,"column":0},"end":{"line":884,"column":110}},"884":{"start":{"line":885,"column":0},"end":{"line":885,"column":57}},"885":{"start":{"line":886,"column":0},"end":{"line":886,"column":18}},"886":{"start":{"line":887,"column":0},"end":{"line":887,"column":18}},"887":{"start":{"line":888,"column":0},"end":{"line":888,"column":20}},"888":{"start":{"line":889,"column":0},"end":{"line":889,"column":125}},"889":{"start":{"line":890,"column":0},"end":{"line":890,"column":33}},"890":{"start":{"line":891,"column":0},"end":{"line":891,"column":27}},"891":{"start":{"line":892,"column":0},"end":{"line":892,"column":113}},"892":{"start":{"line":893,"column":0},"end":{"line":893,"column":55}},"893":{"start":{"line":894,"column":0},"end":{"line":894,"column":17}},"894":{"start":{"line":895,"column":0},"end":{"line":895,"column":91}},"896":{"start":{"line":897,"column":0},"end":{"line":897,"column":11}},"897":{"start":{"line":898,"column":0},"end":{"line":898,"column":10}},"898":{"start":{"line":899,"column":0},"end":{"line":899,"column":18}},"899":{"start":{"line":900,"column":0},"end":{"line":900,"column":5}},"900":{"start":{"line":901,"column":0},"end":{"line":901,"column":3}},"902":{"start":{"line":903,"column":0},"end":{"line":903,"column":88}},"903":{"start":{"line":904,"column":0},"end":{"line":904,"column":16}},"904":{"start":{"line":905,"column":0},"end":{"line":905,"column":38}},"905":{"start":{"line":906,"column":0},"end":{"line":906,"column":41}},"906":{"start":{"line":907,"column":0},"end":{"line":907,"column":72}},"907":{"start":{"line":908,"column":0},"end":{"line":908,"column":33}},"908":{"start":{"line":909,"column":0},"end":{"line":909,"column":7}},"909":{"start":{"line":910,"column":0},"end":{"line":910,"column":14}},"910":{"start":{"line":911,"column":0},"end":{"line":911,"column":5}},"912":{"start":{"line":913,"column":0},"end":{"line":913,"column":75}},"913":{"start":{"line":914,"column":0},"end":{"line":914,"column":34}},"914":{"start":{"line":915,"column":0},"end":{"line":915,"column":18}},"915":{"start":{"line":916,"column":0},"end":{"line":916,"column":5}},"917":{"start":{"line":918,"column":0},"end":{"line":918,"column":69}},"918":{"start":{"line":919,"column":0},"end":{"line":919,"column":62}},"919":{"start":{"line":920,"column":0},"end":{"line":920,"column":14}},"920":{"start":{"line":921,"column":0},"end":{"line":921,"column":120}},"921":{"start":{"line":922,"column":0},"end":{"line":922,"column":27}},"922":{"start":{"line":923,"column":0},"end":{"line":923,"column":21}},"923":{"start":{"line":924,"column":0},"end":{"line":924,"column":130}},"924":{"start":{"line":925,"column":0},"end":{"line":925,"column":49}},"925":{"start":{"line":926,"column":0},"end":{"line":926,"column":11}},"926":{"start":{"line":927,"column":0},"end":{"line":927,"column":128}},"927":{"start":{"line":928,"column":0},"end":{"line":928,"column":85}},"929":{"start":{"line":930,"column":0},"end":{"line":930,"column":5}},"930":{"start":{"line":931,"column":0},"end":{"line":931,"column":3}},"932":{"start":{"line":933,"column":0},"end":{"line":933,"column":83}},"933":{"start":{"line":934,"column":0},"end":{"line":934,"column":89}},"934":{"start":{"line":935,"column":0},"end":{"line":935,"column":14}},"935":{"start":{"line":936,"column":0},"end":{"line":936,"column":5}},"937":{"start":{"line":938,"column":0},"end":{"line":938,"column":69}},"938":{"start":{"line":939,"column":0},"end":{"line":939,"column":14}},"939":{"start":{"line":940,"column":0},"end":{"line":940,"column":87}},"940":{"start":{"line":941,"column":0},"end":{"line":941,"column":27}},"941":{"start":{"line":942,"column":0},"end":{"line":942,"column":21}},"942":{"start":{"line":943,"column":0},"end":{"line":943,"column":17}},"943":{"start":{"line":944,"column":0},"end":{"line":944,"column":47}},"944":{"start":{"line":945,"column":0},"end":{"line":945,"column":43}},"945":{"start":{"line":946,"column":0},"end":{"line":946,"column":50}},"946":{"start":{"line":947,"column":0},"end":{"line":947,"column":97}},"947":{"start":{"line":948,"column":0},"end":{"line":948,"column":13}},"948":{"start":{"line":949,"column":0},"end":{"line":949,"column":24}},"949":{"start":{"line":950,"column":0},"end":{"line":950,"column":12}},"950":{"start":{"line":951,"column":0},"end":{"line":951,"column":49}},"951":{"start":{"line":952,"column":0},"end":{"line":952,"column":11}},"952":{"start":{"line":953,"column":0},"end":{"line":953,"column":85}},"954":{"start":{"line":955,"column":0},"end":{"line":955,"column":5}},"955":{"start":{"line":956,"column":0},"end":{"line":956,"column":3}},"957":{"start":{"line":958,"column":0},"end":{"line":958,"column":88}},"958":{"start":{"line":959,"column":0},"end":{"line":959,"column":98}},"959":{"start":{"line":960,"column":0},"end":{"line":960,"column":14}},"960":{"start":{"line":961,"column":0},"end":{"line":961,"column":5}},"962":{"start":{"line":963,"column":0},"end":{"line":963,"column":48}},"963":{"start":{"line":964,"column":0},"end":{"line":964,"column":57}},"964":{"start":{"line":965,"column":0},"end":{"line":965,"column":19}},"965":{"start":{"line":966,"column":0},"end":{"line":966,"column":94}},"966":{"start":{"line":967,"column":0},"end":{"line":967,"column":54}},"967":{"start":{"line":968,"column":0},"end":{"line":968,"column":7}},"968":{"start":{"line":969,"column":0},"end":{"line":969,"column":19}},"969":{"start":{"line":970,"column":0},"end":{"line":970,"column":5}},"971":{"start":{"line":972,"column":0},"end":{"line":972,"column":108}},"972":{"start":{"line":973,"column":0},"end":{"line":973,"column":49}},"973":{"start":{"line":974,"column":0},"end":{"line":974,"column":41}},"974":{"start":{"line":975,"column":0},"end":{"line":975,"column":37}},"975":{"start":{"line":976,"column":0},"end":{"line":976,"column":29}},"976":{"start":{"line":977,"column":0},"end":{"line":977,"column":5}},"978":{"start":{"line":979,"column":0},"end":{"line":979,"column":27}},"979":{"start":{"line":980,"column":0},"end":{"line":980,"column":29}},"980":{"start":{"line":981,"column":0},"end":{"line":981,"column":35}},"981":{"start":{"line":982,"column":0},"end":{"line":982,"column":108}},"982":{"start":{"line":983,"column":0},"end":{"line":983,"column":22}},"983":{"start":{"line":984,"column":0},"end":{"line":984,"column":8}},"984":{"start":{"line":985,"column":0},"end":{"line":985,"column":100}},"985":{"start":{"line":986,"column":0},"end":{"line":986,"column":36}},"986":{"start":{"line":987,"column":0},"end":{"line":987,"column":21}},"987":{"start":{"line":988,"column":0},"end":{"line":988,"column":5}},"989":{"start":{"line":990,"column":0},"end":{"line":990,"column":75}},"990":{"start":{"line":991,"column":0},"end":{"line":991,"column":54}},"991":{"start":{"line":992,"column":0},"end":{"line":992,"column":63}},"992":{"start":{"line":993,"column":0},"end":{"line":993,"column":18}},"993":{"start":{"line":994,"column":0},"end":{"line":994,"column":7}},"994":{"start":{"line":995,"column":0},"end":{"line":995,"column":14}},"995":{"start":{"line":996,"column":0},"end":{"line":996,"column":87}},"996":{"start":{"line":997,"column":0},"end":{"line":997,"column":27}},"997":{"start":{"line":998,"column":0},"end":{"line":998,"column":21}},"998":{"start":{"line":999,"column":0},"end":{"line":999,"column":17}},"999":{"start":{"line":1000,"column":0},"end":{"line":1000,"column":143}},"1000":{"start":{"line":1001,"column":0},"end":{"line":1001,"column":81}},"1001":{"start":{"line":1002,"column":0},"end":{"line":1002,"column":15}},"1002":{"start":{"line":1003,"column":0},"end":{"line":1003,"column":12}},"1003":{"start":{"line":1004,"column":0},"end":{"line":1004,"column":49}},"1004":{"start":{"line":1005,"column":0},"end":{"line":1005,"column":11}},"1005":{"start":{"line":1006,"column":0},"end":{"line":1006,"column":85}},"1007":{"start":{"line":1008,"column":0},"end":{"line":1008,"column":5}},"1008":{"start":{"line":1009,"column":0},"end":{"line":1009,"column":3}},"1010":{"start":{"line":1011,"column":0},"end":{"line":1011,"column":85}},"1011":{"start":{"line":1012,"column":0},"end":{"line":1012,"column":16}},"1012":{"start":{"line":1013,"column":0},"end":{"line":1013,"column":38}},"1013":{"start":{"line":1014,"column":0},"end":{"line":1014,"column":90}},"1014":{"start":{"line":1015,"column":0},"end":{"line":1015,"column":46}},"1015":{"start":{"line":1016,"column":0},"end":{"line":1016,"column":7}},"1016":{"start":{"line":1017,"column":0},"end":{"line":1017,"column":14}},"1017":{"start":{"line":1018,"column":0},"end":{"line":1018,"column":5}},"1019":{"start":{"line":1020,"column":0},"end":{"line":1020,"column":89}},"1020":{"start":{"line":1021,"column":0},"end":{"line":1021,"column":32}},"1021":{"start":{"line":1022,"column":0},"end":{"line":1022,"column":18}},"1022":{"start":{"line":1023,"column":0},"end":{"line":1023,"column":5}},"1024":{"start":{"line":1025,"column":0},"end":{"line":1025,"column":69}},"1025":{"start":{"line":1026,"column":0},"end":{"line":1026,"column":42}},"1026":{"start":{"line":1027,"column":0},"end":{"line":1027,"column":52}},"1027":{"start":{"line":1028,"column":0},"end":{"line":1028,"column":65}},"1029":{"start":{"line":1030,"column":0},"end":{"line":1030,"column":42}},"1030":{"start":{"line":1031,"column":0},"end":{"line":1031,"column":51}},"1031":{"start":{"line":1032,"column":0},"end":{"line":1032,"column":136}},"1032":{"start":{"line":1033,"column":0},"end":{"line":1033,"column":7}},"1033":{"start":{"line":1034,"column":0},"end":{"line":1034,"column":71}},"1034":{"start":{"line":1035,"column":0},"end":{"line":1035,"column":27}},"1035":{"start":{"line":1036,"column":0},"end":{"line":1036,"column":23}},"1036":{"start":{"line":1037,"column":0},"end":{"line":1037,"column":38}},"1037":{"start":{"line":1038,"column":0},"end":{"line":1038,"column":36}},"1038":{"start":{"line":1039,"column":0},"end":{"line":1039,"column":45}},"1039":{"start":{"line":1040,"column":0},"end":{"line":1040,"column":34}},"1040":{"start":{"line":1041,"column":0},"end":{"line":1041,"column":29}},"1041":{"start":{"line":1042,"column":0},"end":{"line":1042,"column":38}},"1042":{"start":{"line":1043,"column":0},"end":{"line":1043,"column":25}},"1043":{"start":{"line":1044,"column":0},"end":{"line":1044,"column":138}},"1044":{"start":{"line":1045,"column":0},"end":{"line":1045,"column":53}},"1045":{"start":{"line":1046,"column":0},"end":{"line":1046,"column":14}},"1046":{"start":{"line":1047,"column":0},"end":{"line":1047,"column":18}},"1047":{"start":{"line":1048,"column":0},"end":{"line":1048,"column":30}},"1048":{"start":{"line":1049,"column":0},"end":{"line":1049,"column":20}},"1049":{"start":{"line":1050,"column":0},"end":{"line":1050,"column":108}},"1050":{"start":{"line":1051,"column":0},"end":{"line":1051,"column":33}},"1051":{"start":{"line":1052,"column":0},"end":{"line":1052,"column":27}},"1052":{"start":{"line":1053,"column":0},"end":{"line":1053,"column":99}},"1053":{"start":{"line":1054,"column":0},"end":{"line":1054,"column":55}},"1054":{"start":{"line":1055,"column":0},"end":{"line":1055,"column":17}},"1055":{"start":{"line":1056,"column":0},"end":{"line":1056,"column":33}},"1056":{"start":{"line":1057,"column":0},"end":{"line":1057,"column":27}},"1057":{"start":{"line":1058,"column":0},"end":{"line":1058,"column":82}},"1058":{"start":{"line":1059,"column":0},"end":{"line":1059,"column":55}},"1059":{"start":{"line":1060,"column":0},"end":{"line":1060,"column":17}},"1060":{"start":{"line":1061,"column":0},"end":{"line":1061,"column":91}},"1062":{"start":{"line":1063,"column":0},"end":{"line":1063,"column":11}},"1063":{"start":{"line":1064,"column":0},"end":{"line":1064,"column":10}},"1064":{"start":{"line":1065,"column":0},"end":{"line":1065,"column":18}},"1065":{"start":{"line":1066,"column":0},"end":{"line":1066,"column":5}},"1066":{"start":{"line":1067,"column":0},"end":{"line":1067,"column":3}},"1068":{"start":{"line":1069,"column":0},"end":{"line":1069,"column":90}},"1069":{"start":{"line":1070,"column":0},"end":{"line":1070,"column":119}},"1070":{"start":{"line":1071,"column":0},"end":{"line":1071,"column":14}},"1071":{"start":{"line":1072,"column":0},"end":{"line":1072,"column":5}},"1073":{"start":{"line":1074,"column":0},"end":{"line":1074,"column":75}},"1074":{"start":{"line":1075,"column":0},"end":{"line":1075,"column":36}},"1075":{"start":{"line":1076,"column":0},"end":{"line":1076,"column":18}},"1076":{"start":{"line":1077,"column":0},"end":{"line":1077,"column":5}},"1078":{"start":{"line":1079,"column":0},"end":{"line":1079,"column":101}},"1079":{"start":{"line":1080,"column":0},"end":{"line":1080,"column":90}},"1080":{"start":{"line":1081,"column":0},"end":{"line":1081,"column":162}},"1081":{"start":{"line":1082,"column":0},"end":{"line":1082,"column":179}},"1082":{"start":{"line":1083,"column":0},"end":{"line":1083,"column":72}},"1083":{"start":{"line":1084,"column":0},"end":{"line":1084,"column":32}},"1084":{"start":{"line":1085,"column":0},"end":{"line":1085,"column":22}},"1085":{"start":{"line":1086,"column":0},"end":{"line":1086,"column":50}},"1086":{"start":{"line":1087,"column":0},"end":{"line":1087,"column":63}},"1087":{"start":{"line":1088,"column":0},"end":{"line":1088,"column":45}},"1088":{"start":{"line":1089,"column":0},"end":{"line":1089,"column":51}},"1089":{"start":{"line":1090,"column":0},"end":{"line":1090,"column":14}},"1090":{"start":{"line":1091,"column":0},"end":{"line":1091,"column":23}},"1091":{"start":{"line":1092,"column":0},"end":{"line":1092,"column":7}},"1092":{"start":{"line":1093,"column":0},"end":{"line":1093,"column":5}},"1094":{"start":{"line":1095,"column":0},"end":{"line":1095,"column":69}},"1095":{"start":{"line":1096,"column":0},"end":{"line":1096,"column":14}},"1096":{"start":{"line":1097,"column":0},"end":{"line":1097,"column":87}},"1097":{"start":{"line":1098,"column":0},"end":{"line":1098,"column":27}},"1098":{"start":{"line":1099,"column":0},"end":{"line":1099,"column":21}},"1099":{"start":{"line":1100,"column":0},"end":{"line":1100,"column":116}},"1100":{"start":{"line":1101,"column":0},"end":{"line":1101,"column":49}},"1101":{"start":{"line":1102,"column":0},"end":{"line":1102,"column":11}},"1102":{"start":{"line":1103,"column":0},"end":{"line":1103,"column":85}},"1104":{"start":{"line":1105,"column":0},"end":{"line":1105,"column":5}},"1105":{"start":{"line":1106,"column":0},"end":{"line":1106,"column":3}},"1107":{"start":{"line":1108,"column":0},"end":{"line":1108,"column":88}},"1108":{"start":{"line":1109,"column":0},"end":{"line":1109,"column":94}},"1109":{"start":{"line":1110,"column":0},"end":{"line":1110,"column":14}},"1110":{"start":{"line":1111,"column":0},"end":{"line":1111,"column":5}},"1112":{"start":{"line":1113,"column":0},"end":{"line":1113,"column":41}},"1113":{"start":{"line":1114,"column":0},"end":{"line":1114,"column":36}},"1114":{"start":{"line":1115,"column":0},"end":{"line":1115,"column":18}},"1115":{"start":{"line":1116,"column":0},"end":{"line":1116,"column":5}},"1117":{"start":{"line":1118,"column":0},"end":{"line":1118,"column":69}},"1118":{"start":{"line":1119,"column":0},"end":{"line":1119,"column":44}},"1119":{"start":{"line":1120,"column":0},"end":{"line":1120,"column":19}},"1120":{"start":{"line":1121,"column":0},"end":{"line":1121,"column":94}},"1121":{"start":{"line":1122,"column":0},"end":{"line":1122,"column":47}},"1122":{"start":{"line":1123,"column":0},"end":{"line":1123,"column":8}},"1123":{"start":{"line":1124,"column":0},"end":{"line":1124,"column":37}},"1124":{"start":{"line":1125,"column":0},"end":{"line":1125,"column":22}},"1125":{"start":{"line":1126,"column":0},"end":{"line":1126,"column":29}},"1126":{"start":{"line":1127,"column":0},"end":{"line":1127,"column":23}},"1127":{"start":{"line":1128,"column":0},"end":{"line":1128,"column":140}},"1128":{"start":{"line":1129,"column":0},"end":{"line":1129,"column":51}},"1129":{"start":{"line":1130,"column":0},"end":{"line":1130,"column":11}},"1130":{"start":{"line":1131,"column":0},"end":{"line":1131,"column":9}},"1131":{"start":{"line":1132,"column":0},"end":{"line":1132,"column":18}},"1132":{"start":{"line":1133,"column":0},"end":{"line":1133,"column":37}},"1133":{"start":{"line":1134,"column":0},"end":{"line":1134,"column":5}},"1134":{"start":{"line":1135,"column":0},"end":{"line":1135,"column":3}},"1136":{"start":{"line":1137,"column":0},"end":{"line":1137,"column":68}},"1137":{"start":{"line":1138,"column":0},"end":{"line":1138,"column":73}},"1138":{"start":{"line":1139,"column":0},"end":{"line":1139,"column":18}},"1139":{"start":{"line":1140,"column":0},"end":{"line":1140,"column":3}}},"s":{"0":1,"1":1,"82":1,"83":1,"84":1,"85":1,"86":1,"87":1,"88":1,"89":1,"90":1,"91":1,"92":1,"93":1,"94":1,"95":1,"96":1,"97":1,"98":1,"99":1,"100":1,"101":1,"103":1,"104":64,"105":64,"106":64,"107":64,"108":64,"109":64,"110":64,"111":64,"112":64,"113":64,"114":64,"115":64,"117":1,"118":1,"119":77,"120":4,"121":4,"122":77,"123":73,"124":89,"125":73,"126":73,"127":77,"129":1,"130":0,"131":0,"132":0,"133":0,"134":0,"135":0,"136":0,"156":1,"157":3,"158":3,"162":1,"163":3,"164":3,"167":1,"168":0,"169":0,"172":1,"173":0,"174":0,"176":1,"177":0,"178":0,"180":1,"181":0,"182":0,"184":1,"185":0,"186":0,"188":1,"189":0,"190":0,"192":1,"193":0,"194":0,"197":1,"198":13,"199":13,"202":1,"203":52,"204":52,"206":1,"207":1,"208":1,"211":1,"212":0,"213":0,"216":1,"217":0,"218":0,"221":1,"222":0,"223":0,"226":1,"227":0,"228":0,"231":1,"232":0,"233":0,"239":1,"240":8,"241":8,"244":1,"245":6,"246":6,"250":1,"251":5,"252":5,"253":5,"254":5,"255":4,"256":5,"257":1,"258":1,"259":5,"262":1,"263":1,"264":1,"267":1,"268":2,"269":2,"272":1,"273":2,"274":2,"279":1,"280":3,"281":3,"282":3,"283":3,"284":3,"285":3,"286":0,"287":0,"288":3,"291":1,"292":4,"293":4,"296":1,"297":1,"298":1,"301":1,"302":4,"303":4,"306":1,"307":0,"308":0,"310":1,"311":0,"312":0,"313":1,"315":1,"316":1,"317":0,"318":0,"319":1,"321":1,"323":5,"324":5,"326":1,"328":1,"330":1,"332":1,"334":1,"336":1,"338":1,"346":1,"347":112,"348":112,"349":112,"350":112,"352":112,"353":25,"354":25,"356":112,"357":26,"358":26,"360":0,"361":26,"363":112,"365":112,"366":63,"367":63,"368":63,"369":63,"370":12,"371":12,"372":12,"373":12,"374":63,"376":63,"377":63,"378":40,"379":40,"381":63,"382":61,"383":9,"384":3,"385":3,"386":9,"387":61,"388":9,"389":3,"390":3,"391":9,"392":61,"393":63,"394":63,"395":63,"396":13,"397":1,"398":1,"399":1,"400":1,"401":1,"402":13,"403":3,"404":3,"405":3,"406":3,"407":3,"408":12,"409":2,"410":2,"411":2,"412":2,"413":2,"414":2,"415":13,"416":63,"417":63,"418":63,"419":13,"420":1,"421":1,"422":1,"423":1,"424":1,"425":13,"426":3,"427":3,"428":3,"429":3,"430":3,"431":12,"432":2,"433":2,"434":2,"435":2,"436":2,"437":2,"438":13,"439":63,"440":63,"441":6,"442":6,"443":6,"444":0,"445":0,"446":0,"447":0,"448":0,"449":0,"450":6,"451":57,"452":63,"454":1,"455":6,"456":6,"458":1,"459":739,"460":739,"461":739,"462":87,"463":87,"464":87,"465":731,"466":739,"468":1,"471":1,"473":1,"474":1,"475":2,"476":2,"478":1,"479":2,"480":2,"481":2,"483":1,"484":3,"485":3,"486":1,"491":1,"492":67,"494":1,"495":1,"496":1,"497":1,"498":1,"499":1,"500":1,"501":1,"502":1,"503":1,"504":1,"505":1,"506":1,"507":1,"508":1,"509":1,"510":1,"511":1,"512":1,"513":0,"514":1,"515":1,"516":1,"517":1,"518":1,"519":1,"521":1,"523":1,"524":306,"525":306,"526":306,"527":306,"528":306,"529":306,"530":153,"531":153,"532":153,"533":153,"534":153,"535":153,"536":102,"537":102,"538":175,"539":175,"540":175,"541":174,"542":174,"543":4,"545":3,"546":3,"547":3,"548":3,"549":3,"550":0,"551":0,"552":3,"553":4,"554":174,"555":174,"556":175,"557":175,"558":102,"559":102,"560":153,"561":49,"562":51,"563":2,"564":2,"565":0,"566":0,"567":306,"568":1,"570":1,"571":1,"572":0,"573":0,"575":1,"576":0,"577":0,"578":0,"580":1,"581":0,"582":0,"583":0,"584":0,"585":0,"586":0,"587":0,"588":0,"589":0,"590":0,"591":0,"592":0,"593":0,"594":0,"595":0,"597":0,"598":0,"599":0,"600":0,"601":0,"602":1,"604":1,"605":1,"606":4,"607":4,"608":1,"609":13,"610":13,"611":1,"613":1,"630":1,"631":9,"632":9,"633":9,"634":9,"635":9,"636":9,"637":9,"638":9,"640":1,"641":19,"642":19,"643":19,"644":19,"645":19,"646":19,"647":19,"648":19,"649":19,"650":19,"651":19,"652":17,"653":13,"654":17,"655":4,"656":4,"657":4,"658":4,"659":17,"660":19,"661":19,"663":19,"664":1,"666":1,"667":1,"668":53,"669":53,"670":53,"671":53,"672":53,"673":53,"675":1,"676":1,"677":1,"678":1,"680":1,"681":56,"682":1,"683":55,"684":56,"685":1,"687":1,"688":1,"689":1,"690":1,"692":1,"693":1,"694":1,"695":1,"700":1,"701":43,"702":1,"703":53,"704":53,"705":1,"706":23,"707":23,"708":23,"709":32,"710":17,"711":17,"712":17,"713":32,"714":15,"715":15,"716":23,"717":23,"718":23,"719":23,"720":1,"722":1,"723":1,"724":3,"725":3,"727":1,"728":3,"729":3,"730":3,"732":1,"733":3,"734":3,"735":3,"736":3,"737":6,"738":4,"739":4,"740":4,"741":4,"742":4,"743":4,"744":4,"746":6,"747":2,"748":2,"749":2,"750":2,"751":2,"752":2,"753":2,"754":2,"756":2,"757":3,"758":3,"759":3,"760":1,"762":1,"763":1,"764":4,"765":4,"767":1,"768":1,"769":1,"770":1,"772":1,"773":1,"774":1,"775":1,"777":1,"778":4,"779":4,"780":4,"781":4,"782":4,"783":4,"784":4,"785":4,"786":4,"787":4,"788":4,"789":4,"790":4,"791":4,"792":4,"793":4,"794":2,"795":2,"796":2,"797":4,"798":4,"799":2,"800":2,"801":1,"802":1,"803":2,"804":4,"806":4,"807":4,"808":4,"809":4,"810":4,"811":4,"813":4,"814":1,"816":1,"817":1,"818":5,"819":5,"822":1,"823":1,"824":1,"825":1,"827":1,"828":1,"829":1,"830":1,"833":1,"834":5,"835":5,"836":5,"838":1,"839":54,"840":54,"841":13,"842":13,"843":13,"844":54,"845":54,"847":1,"848":33,"849":33,"850":33,"851":33,"852":33,"854":1,"855":6,"856":6,"857":6,"858":6,"859":6,"860":6,"861":6,"863":1,"864":21,"865":21,"866":1,"867":1,"868":20,"869":20,"870":20,"871":20,"872":26,"873":26,"874":13,"875":7,"876":7,"877":7,"878":7,"879":7,"880":7,"881":6,"882":6,"883":6,"884":6,"885":6,"886":13,"887":13,"888":13,"889":13,"890":13,"891":13,"892":13,"893":13,"894":13,"896":13,"897":20,"898":20,"899":21,"900":1,"902":1,"903":1,"904":3,"905":3,"906":3,"907":3,"908":3,"909":3,"910":3,"912":1,"913":1,"914":1,"915":1,"917":1,"918":3,"919":3,"920":3,"921":3,"922":3,"923":3,"924":3,"925":3,"926":3,"927":3,"929":3,"930":1,"932":1,"933":1,"934":2,"935":2,"937":1,"938":2,"939":2,"940":2,"941":2,"942":2,"943":2,"944":2,"945":1,"946":1,"947":1,"948":2,"949":2,"950":2,"951":2,"952":2,"954":2,"955":1,"957":1,"958":1,"959":6,"960":6,"962":1,"963":56,"964":56,"965":14,"966":14,"967":14,"968":56,"969":56,"971":1,"972":34,"973":34,"974":34,"975":34,"976":34,"978":1,"979":7,"980":7,"981":7,"982":7,"983":7,"984":7,"985":6,"986":7,"987":7,"989":1,"990":22,"991":22,"992":1,"993":1,"994":21,"995":21,"996":21,"997":21,"998":21,"999":21,"1000":21,"1001":21,"1002":21,"1003":21,"1004":21,"1005":21,"1007":22,"1008":1,"1010":1,"1011":1,"1012":4,"1013":4,"1014":4,"1015":4,"1016":4,"1017":4,"1019":1,"1020":2,"1021":2,"1022":2,"1024":1,"1025":4,"1026":4,"1027":4,"1029":2,"1030":2,"1031":2,"1032":2,"1033":4,"1034":4,"1035":4,"1036":4,"1037":14,"1038":14,"1039":4,"1040":4,"1041":4,"1042":4,"1043":4,"1044":4,"1045":4,"1046":14,"1047":10,"1048":10,"1049":10,"1050":10,"1051":10,"1052":10,"1053":10,"1054":10,"1055":10,"1056":10,"1057":10,"1058":10,"1059":10,"1060":10,"1062":10,"1063":4,"1064":4,"1065":4,"1066":1,"1068":1,"1069":1,"1070":13,"1071":13,"1073":1,"1074":1,"1075":1,"1076":1,"1078":1,"1079":1,"1080":1,"1081":1,"1082":1,"1083":68,"1084":67,"1085":67,"1086":67,"1087":67,"1088":67,"1089":68,"1090":1,"1091":1,"1092":68,"1094":1,"1095":28,"1096":28,"1097":28,"1098":28,"1099":28,"1100":28,"1101":28,"1102":28,"1104":28,"1105":1,"1107":1,"1108":1,"1109":3,"1110":3,"1112":1,"1113":1,"1114":1,"1115":1,"1117":1,"1118":7,"1119":7,"1120":7,"1121":7,"1122":7,"1123":7,"1124":7,"1125":31,"1126":31,"1127":31,"1128":31,"1129":31,"1130":7,"1131":7,"1132":7,"1133":7,"1134":1,"1136":1,"1137":62,"1138":61,"1139":62},"branchMap":{"0":{"type":"branch","line":2,"loc":{"start":{"line":2,"column":7},"end":{"line":1137,"column":29}},"locations":[{"start":{"line":2,"column":7},"end":{"line":1137,"column":29}}]},"1":{"type":"branch","line":104,"loc":{"start":{"line":104,"column":9},"end":{"line":116,"column":3}},"locations":[{"start":{"line":104,"column":9},"end":{"line":116,"column":3}}]},"2":{"type":"branch","line":119,"loc":{"start":{"line":119,"column":11},"end":{"line":128,"column":5}},"locations":[{"start":{"line":119,"column":11},"end":{"line":128,"column":5}}]},"3":{"type":"branch","line":120,"loc":{"start":{"line":120,"column":40},"end":{"line":123,"column":13}},"locations":[{"start":{"line":120,"column":40},"end":{"line":123,"column":13}}]},"4":{"type":"branch","line":121,"loc":{"start":{"line":121,"column":27},"end":{"line":121,"column":143}},"locations":[{"start":{"line":121,"column":27},"end":{"line":121,"column":143}}]},"5":{"type":"branch","line":123,"loc":{"start":{"line":123,"column":6},"end":{"line":127,"column":7}},"locations":[{"start":{"line":123,"column":6},"end":{"line":127,"column":7}}]},"6":{"type":"branch","line":124,"loc":{"start":{"line":124,"column":32},"end":{"line":126,"column":9}},"locations":[{"start":{"line":124,"column":32},"end":{"line":126,"column":9}}]},"7":{"type":"branch","line":125,"loc":{"start":{"line":125,"column":32},"end":{"line":125,"column":64}},"locations":[{"start":{"line":125,"column":32},"end":{"line":125,"column":64}}]},"8":{"type":"branch","line":125,"loc":{"start":{"line":125,"column":60},"end":{"line":125,"column":70}},"locations":[{"start":{"line":125,"column":60},"end":{"line":125,"column":70}}]},"9":{"type":"branch","line":157,"loc":{"start":{"line":157,"column":4},"end":{"line":159,"column":5}},"locations":[{"start":{"line":157,"column":4},"end":{"line":159,"column":5}}]},"10":{"type":"branch","line":163,"loc":{"start":{"line":163,"column":4},"end":{"line":165,"column":5}},"locations":[{"start":{"line":163,"column":4},"end":{"line":165,"column":5}}]},"11":{"type":"branch","line":198,"loc":{"start":{"line":198,"column":4},"end":{"line":200,"column":5}},"locations":[{"start":{"line":198,"column":4},"end":{"line":200,"column":5}}]},"12":{"type":"branch","line":203,"loc":{"start":{"line":203,"column":4},"end":{"line":205,"column":5}},"locations":[{"start":{"line":203,"column":4},"end":{"line":205,"column":5}}]},"13":{"type":"branch","line":207,"loc":{"start":{"line":207,"column":4},"end":{"line":209,"column":5}},"locations":[{"start":{"line":207,"column":4},"end":{"line":209,"column":5}}]},"14":{"type":"branch","line":240,"loc":{"start":{"line":240,"column":4},"end":{"line":242,"column":5}},"locations":[{"start":{"line":240,"column":4},"end":{"line":242,"column":5}}]},"15":{"type":"branch","line":245,"loc":{"start":{"line":245,"column":4},"end":{"line":247,"column":5}},"locations":[{"start":{"line":245,"column":4},"end":{"line":247,"column":5}}]},"16":{"type":"branch","line":251,"loc":{"start":{"line":251,"column":4},"end":{"line":260,"column":5}},"locations":[{"start":{"line":251,"column":4},"end":{"line":260,"column":5}}]},"17":{"type":"branch","line":255,"loc":{"start":{"line":255,"column":29},"end":{"line":255,"column":77}},"locations":[{"start":{"line":255,"column":29},"end":{"line":255,"column":77}}]},"18":{"type":"branch","line":255,"loc":{"start":{"line":255,"column":60},"end":{"line":255,"column":110}},"locations":[{"start":{"line":255,"column":60},"end":{"line":255,"column":110}}]},"19":{"type":"branch","line":255,"loc":{"start":{"line":255,"column":110},"end":{"line":257,"column":13}},"locations":[{"start":{"line":255,"column":110},"end":{"line":257,"column":13}}]},"20":{"type":"branch","line":257,"loc":{"start":{"line":257,"column":6},"end":{"line":259,"column":7}},"locations":[{"start":{"line":257,"column":6},"end":{"line":259,"column":7}}]},"21":{"type":"branch","line":263,"loc":{"start":{"line":263,"column":4},"end":{"line":265,"column":5}},"locations":[{"start":{"line":263,"column":4},"end":{"line":265,"column":5}}]},"22":{"type":"branch","line":268,"loc":{"start":{"line":268,"column":4},"end":{"line":270,"column":5}},"locations":[{"start":{"line":268,"column":4},"end":{"line":270,"column":5}}]},"23":{"type":"branch","line":273,"loc":{"start":{"line":273,"column":4},"end":{"line":275,"column":5}},"locations":[{"start":{"line":273,"column":4},"end":{"line":275,"column":5}}]},"24":{"type":"branch","line":280,"loc":{"start":{"line":280,"column":4},"end":{"line":289,"column":5}},"locations":[{"start":{"line":280,"column":4},"end":{"line":289,"column":5}}]},"25":{"type":"branch","line":284,"loc":{"start":{"line":284,"column":29},"end":{"line":284,"column":77}},"locations":[{"start":{"line":284,"column":29},"end":{"line":284,"column":77}}]},"26":{"type":"branch","line":284,"loc":{"start":{"line":284,"column":60},"end":{"line":284,"column":110}},"locations":[{"start":{"line":284,"column":60},"end":{"line":284,"column":110}}]},"27":{"type":"branch","line":286,"loc":{"start":{"line":286,"column":6},"end":{"line":288,"column":7}},"locations":[{"start":{"line":286,"column":6},"end":{"line":288,"column":7}}]},"28":{"type":"branch","line":292,"loc":{"start":{"line":292,"column":4},"end":{"line":294,"column":5}},"locations":[{"start":{"line":292,"column":4},"end":{"line":294,"column":5}}]},"29":{"type":"branch","line":297,"loc":{"start":{"line":297,"column":4},"end":{"line":299,"column":5}},"locations":[{"start":{"line":297,"column":4},"end":{"line":299,"column":5}}]},"30":{"type":"branch","line":302,"loc":{"start":{"line":302,"column":4},"end":{"line":304,"column":5}},"locations":[{"start":{"line":302,"column":4},"end":{"line":304,"column":5}}]},"31":{"type":"branch","line":322,"loc":{"start":{"line":322,"column":9},"end":{"line":325,"column":3}},"locations":[{"start":{"line":322,"column":9},"end":{"line":325,"column":3}}]},"32":{"type":"branch","line":327,"loc":{"start":{"line":327,"column":9},"end":{"line":339,"column":44}},"locations":[{"start":{"line":327,"column":9},"end":{"line":339,"column":44}}]},"33":{"type":"branch","line":347,"loc":{"start":{"line":347,"column":9},"end":{"line":453,"column":6}},"locations":[{"start":{"line":347,"column":9},"end":{"line":453,"column":6}}]},"34":{"type":"branch","line":366,"loc":{"start":{"line":366,"column":93},"end":{"line":453,"column":6}},"locations":[{"start":{"line":366,"column":93},"end":{"line":453,"column":6}}]},"35":{"type":"branch","line":378,"loc":{"start":{"line":378,"column":26},"end":{"line":378,"column":65}},"locations":[{"start":{"line":378,"column":26},"end":{"line":378,"column":65}}]},"36":{"type":"branch","line":378,"loc":{"start":{"line":378,"column":65},"end":{"line":380,"column":7}},"locations":[{"start":{"line":378,"column":65},"end":{"line":380,"column":7}}]},"37":{"type":"branch","line":382,"loc":{"start":{"line":382,"column":35},"end":{"line":393,"column":7}},"locations":[{"start":{"line":382,"column":35},"end":{"line":393,"column":7}}]},"38":{"type":"branch","line":383,"loc":{"start":{"line":383,"column":67},"end":{"line":387,"column":9}},"locations":[{"start":{"line":383,"column":67},"end":{"line":387,"column":9}}]},"39":{"type":"branch","line":384,"loc":{"start":{"line":384,"column":20},"end":{"line":384,"column":51}},"locations":[{"start":{"line":384,"column":20},"end":{"line":384,"column":51}}]},"40":{"type":"branch","line":384,"loc":{"start":{"line":384,"column":51},"end":{"line":386,"column":11}},"locations":[{"start":{"line":384,"column":51},"end":{"line":386,"column":11}}]},"41":{"type":"branch","line":388,"loc":{"start":{"line":388,"column":71},"end":{"line":392,"column":9}},"locations":[{"start":{"line":388,"column":71},"end":{"line":392,"column":9}}]},"42":{"type":"branch","line":389,"loc":{"start":{"line":389,"column":20},"end":{"line":389,"column":51}},"locations":[{"start":{"line":389,"column":20},"end":{"line":389,"column":51}}]},"43":{"type":"branch","line":389,"loc":{"start":{"line":389,"column":51},"end":{"line":391,"column":11}},"locations":[{"start":{"line":389,"column":51},"end":{"line":391,"column":11}}]},"44":{"type":"branch","line":396,"loc":{"start":{"line":396,"column":71},"end":{"line":416,"column":9}},"locations":[{"start":{"line":396,"column":71},"end":{"line":416,"column":9}}]},"45":{"type":"branch","line":397,"loc":{"start":{"line":397,"column":20},"end":{"line":397,"column":51}},"locations":[{"start":{"line":397,"column":20},"end":{"line":397,"column":51}}]},"46":{"type":"branch","line":397,"loc":{"start":{"line":397,"column":51},"end":{"line":403,"column":21}},"locations":[{"start":{"line":397,"column":51},"end":{"line":403,"column":21}}]},"47":{"type":"branch","line":403,"loc":{"start":{"line":403,"column":10},"end":{"line":415,"column":11}},"locations":[{"start":{"line":403,"column":10},"end":{"line":415,"column":11}}]},"48":{"type":"branch","line":403,"loc":{"start":{"line":403,"column":46},"end":{"line":403,"column":99}},"locations":[{"start":{"line":403,"column":46},"end":{"line":403,"column":99}}]},"49":{"type":"branch","line":403,"loc":{"start":{"line":403,"column":99},"end":{"line":409,"column":21}},"locations":[{"start":{"line":403,"column":99},"end":{"line":409,"column":21}}]},"50":{"type":"branch","line":409,"loc":{"start":{"line":409,"column":10},"end":{"line":415,"column":11}},"locations":[{"start":{"line":409,"column":10},"end":{"line":415,"column":11}}]},"51":{"type":"branch","line":409,"loc":{"start":{"line":409,"column":38},"end":{"line":409,"column":82}},"locations":[{"start":{"line":409,"column":38},"end":{"line":409,"column":82}}]},"52":{"type":"branch","line":409,"loc":{"start":{"line":409,"column":82},"end":{"line":415,"column":11}},"locations":[{"start":{"line":409,"column":82},"end":{"line":415,"column":11}}]},"53":{"type":"branch","line":419,"loc":{"start":{"line":419,"column":75},"end":{"line":439,"column":9}},"locations":[{"start":{"line":419,"column":75},"end":{"line":439,"column":9}}]},"54":{"type":"branch","line":420,"loc":{"start":{"line":420,"column":20},"end":{"line":420,"column":51}},"locations":[{"start":{"line":420,"column":20},"end":{"line":420,"column":51}}]},"55":{"type":"branch","line":420,"loc":{"start":{"line":420,"column":51},"end":{"line":426,"column":21}},"locations":[{"start":{"line":420,"column":51},"end":{"line":426,"column":21}}]},"56":{"type":"branch","line":426,"loc":{"start":{"line":426,"column":10},"end":{"line":438,"column":11}},"locations":[{"start":{"line":426,"column":10},"end":{"line":438,"column":11}}]},"57":{"type":"branch","line":426,"loc":{"start":{"line":426,"column":46},"end":{"line":426,"column":99}},"locations":[{"start":{"line":426,"column":46},"end":{"line":426,"column":99}}]},"58":{"type":"branch","line":426,"loc":{"start":{"line":426,"column":99},"end":{"line":432,"column":21}},"locations":[{"start":{"line":
[...]
e":222,"column":4},"end":{"line":224,"column":5}},"loc":{"start":{"line":222,"column":4},"end":{"line":224,"column":5}},"line":222},"18":{"name":"sub","decl":{"start":{"line":227,"column":4},"end":{"line":229,"column":5}},"loc":{"start":{"line":227,"column":4},"end":{"line":229,"column":5}},"line":227},"19":{"name":"code","decl":{"start":{"line":232,"column":4},"end":{"line":234,"column":5}},"loc":{"start":{"line":232,"column":4},"end":{"line":234,"column":5}},"line":232},"20":{"name":"link","decl":{"start":{"line":240,"column":4},"end":{"line":242,"column":5}},"loc":{"start":{"line":240,"column":4},"end":{"line":242,"column":5}},"line":240},"21":{"name":"linkUrl","decl":{"start":{"line":245,"column":4},"end":{"line":247,"column":5}},"loc":{"start":{"line":245,"column":4},"end":{"line":247,"column":5}},"line":245},"22":{"name":"footnote","decl":{"start":{"line":251,"column":4},"end":{"line":260,"column":5}},"loc":{"start":{"line":251,"column":4},"end":{"line":260,"column":5}},"line":251},"23":{"name":"url","decl":{"start":{"line":263,"column":4},"end":{"line":265,"column":5}},"loc":{"start":{"line":263,"column":4},"end":{"line":265,"column":5}},"line":263},"24":{"name":"raw","decl":{"start":{"line":268,"column":4},"end":{"line":270,"column":5}},"loc":{"start":{"line":268,"column":4},"end":{"line":270,"column":5}},"line":268},"25":{"name":"hr","decl":{"start":{"line":273,"column":4},"end":{"line":275,"column":5}},"loc":{"start":{"line":273,"column":4},"end":{"line":275,"column":5}},"line":273},"26":{"name":"blockquote","decl":{"start":{"line":280,"column":4},"end":{"line":289,"column":5}},"loc":{"start":{"line":280,"column":4},"end":{"line":289,"column":5}},"line":280},"27":{"name":"codeblock","decl":{"start":{"line":292,"column":4},"end":{"line":294,"column":5}},"loc":{"start":{"line":292,"column":4},"end":{"line":294,"column":5}},"line":292},"28":{"name":"img","decl":{"start":{"line":297,"column":4},"end":{"line":299,"column":5}},"loc":{"start":{"line":297,"column":4},"end":{"line":299,"column":5}},"line":297},"29":{"name":"list","decl":{"start":{"line":302,"column":4},"end":{"line":304,"column":5}},"loc":{"start":{"line":302,"column":4},"end":{"line":304,"column":5}},"line":302},"30":{"name":"ordered","decl":{"start":{"line":307,"column":4},"end":{"line":309,"column":5}},"loc":{"start":{"line":307,"column":4},"end":{"line":309,"column":5}},"line":307},"31":{"name":"orderedFrom","decl":{"start":{"line":311,"column":4},"end":{"line":313,"column":5}},"loc":{"start":{"line":311,"column":4},"end":{"line":313,"column":5}},"line":311},"32":{"name":"_toString","decl":{"start":{"line":317,"column":14},"end":{"line":319,"column":5}},"loc":{"start":{"line":317,"column":14},"end":{"line":319,"column":5}},"line":317},"33":{"name":"escapeRegExpLiteral","decl":{"start":{"line":322,"column":9},"end":{"line":325,"column":3}},"loc":{"start":{"line":322,"column":9},"end":{"line":325,"column":3}},"line":322},"34":{"name":"Element","decl":{"start":{"line":347,"column":9},"end":{"line":453,"column":6}},"loc":{"start":{"line":347,"column":9},"end":{"line":453,"column":6}},"line":347},"35":{"name":"Element.toString","decl":{"start":{"line":366,"column":93},"end":{"line":453,"column":6}},"loc":{"start":{"line":366,"column":93},"end":{"line":453,"column":6}},"line":366},"36":{"name":"_escapeTitle","decl":{"start":{"line":353,"column":21},"end":{"line":355,"column":5}},"loc":{"start":{"line":353,"column":21},"end":{"line":355,"column":5}},"line":353},"37":{"name":"_escapeUrl","decl":{"start":{"line":357,"column":21},"end":{"line":362,"column":5}},"loc":{"start":{"line":357,"column":21},"end":{"line":362,"column":5}},"line":357},"38":{"name":"__toString","decl":{"start":{"line":455,"column":11},"end":{"line":457,"column":5}},"loc":{"start":{"line":455,"column":11},"end":{"line":457,"column":5}},"line":455},"39":{"name":"_peekPiece","decl":{"start":{"line":459,"column":11},"end":{"line":467,"column":5}},"loc":{"start":{"line":459,"column":11},"end":{"line":467,"column":5}},"line":459},"40":{"name":"RawElement","decl":{"start":{"line":475,"column":4},"end":{"line":477,"column":5}},"loc":{"start":{"line":475,"column":4},"end":{"line":477,"column":5}},"line":475},"41":{"name":"concat","decl":{"start":{"line":479,"column":4},"end":{"line":482,"column":5}},"loc":{"start":{"line":479,"column":4},"end":{"line":482,"column":5}},"line":479},"42":{"name":"_toString","decl":{"start":{"line":484,"column":4},"end":{"line":486,"column":5}},"loc":{"start":{"line":484,"column":4},"end":{"line":486,"column":5}},"line":484},"43":{"name":"InlineElement","decl":{"start":{"line":492,"column":9},"end":{"line":493,"column":54}},"loc":{"start":{"line":492,"column":9},"end":{"line":493,"column":54}},"line":492},"44":{"name":"_bracketMark","decl":{"start":{"line":495,"column":21},"end":{"line":522,"column":5}},"loc":{"start":{"line":495,"column":21},"end":{"line":522,"column":5}},"line":495},"45":{"name":"Element._peekPiece.Element._peekPiece.peekLength","decl":{"start":{"line":506,"column":10},"end":{"line":506,"column":74}},"loc":{"start":{"line":506,"column":10},"end":{"line":506,"column":74}},"line":506},"46":{"name":"Element._peekPiece.Element._peekPiece.Element._peekPiece.peekLength","decl":{"start":{"line":511,"column":10},"end":{"line":518,"column":12}},"loc":{"start":{"line":511,"column":10},"end":{"line":518,"column":12}},"line":511},"47":{"name":"_toString","decl":{"start":{"line":524,"column":11},"end":{"line":568,"column":5}},"loc":{"start":{"line":524,"column":11},"end":{"line":568,"column":5}},"line":524},"48":{"name":"Element._peekPiece.peekLength","decl":{"start":{"line":533,"column":10},"end":{"line":533,"column":60}},"loc":{"start":{"line":533,"column":10},"end":{"line":533,"column":60}},"line":533},"49":{"name":"Element._peekPiece.peekLength","decl":{"start":{"line":541,"column":14},"end":{"line":556,"column":16}},"loc":{"start":{"line":541,"column":14},"end":{"line":556,"column":16}},"line":541},"50":{"name":"Code","decl":{"start":{"line":572,"column":4},"end":{"line":574,"column":5}},"loc":{"start":{"line":572,"column":4},"end":{"line":574,"column":5}},"line":572},"51":{"name":"concat","decl":{"start":{"line":576,"column":4},"end":{"line":579,"column":5}},"loc":{"start":{"line":576,"column":4},"end":{"line":579,"column":5}},"line":576},"52":{"name":"_toString","decl":{"start":{"line":581,"column":14},"end":{"line":602,"column":5}},"loc":{"start":{"line":581,"column":14},"end":{"line":602,"column":5}},"line":581},"53":{"name":"FootnoteReference","decl":{"start":{"line":606,"column":4},"end":{"line":608,"column":5}},"loc":{"start":{"line":606,"column":4},"end":{"line":608,"column":5}},"line":606},"54":{"name":"_toString","decl":{"start":{"line":609,"column":14},"end":{"line":611,"column":5}},"loc":{"start":{"line":609,"column":14},"end":{"line":611,"column":5}},"line":609},"55":{"name":"Link","decl":{"start":{"line":631,"column":4},"end":{"line":639,"column":5}},"loc":{"start":{"line":631,"column":4},"end":{"line":639,"column":5}},"line":631},"56":{"name":"_toString","decl":{"start":{"line":641,"column":14},"end":{"line":664,"column":5}},"loc":{"start":{"line":641,"column":14},"end":{"line":664,"column":5}},"line":641},"57":{"name":"Element._peekPiece.Element._peekPiece.peekLength","decl":{"start":{"line":646,"column":10},"end":{"line":646,"column":81}},"loc":{"start":{"line":646,"column":10},"end":{"line":646,"column":81}},"line":646},"58":{"name":"Element._peekPiece.Element._peekPiece.Element._peekPiece.Element._peekPiece.peekLength","decl":{"start":{"line":652,"column":10},"end":{"line":660,"column":12}},"loc":{"start":{"line":652,"column":10},"end":{"line":660,"column":12}},"line":652},"59":{"name":"Text","decl":{"start":{"line":668,"column":4},"end":{"line":674,"column":5}},"loc":{"start":{"line":668,"column":4},"end":{"line":674,"column":5}},"line":668},"60":{"name":"concat","decl":{"start":{"line":676,"column":4},"end":{"line":679,"column":5}},"loc":{"start":{"line":676,"column":4},"end":{"line":679,"column":5}},"line":676},"61":{"name":"_toString","decl":{"start":{"line":681,"column":14},"end":{"line":685,"column":5}},"loc":{"start":{"line":681,"column":14},"end":{"line":685,"column":5}},"line":681},"62":{"name":"Url","decl":{"start":{"line":689,"column":4},"end":{"line":691,"column":5}},"loc":{"start":{"line":689,"column":4},"end":{"line":691,"column":5}},"line":689},"63":{"name":"_toString","decl":{"start":{"line":693,"column":14},"end":{"line":695,"column":5}},"loc":{"start":{"line":693,"column":14},"end":{"line":695,"column":5}},"line":693},"64":{"name":"BlockElement","decl":{"start":{"line":701,"column":9},"end":{"line":702,"column":53}},"loc":{"start":{"line":701,"column":9},"end":{"line":702,"column":53}},"line":701},"65":{"name":"_toString","decl":{"start":{"line":703,"column":21},"end":{"line":705,"column":5}},"loc":{"start":{"line":703,"column":21},"end":{"line":705,"column":5}},"line":703},"66":{"name":"_groupElements","decl":{"start":{"line":706,"column":21},"end":{"line":720,"column":5}},"loc":{"start":{"line":706,"column":21},"end":{"line":720,"column":5}},"line":706},"67":{"name":"Blockquote","decl":{"start":{"line":724,"column":4},"end":{"line":726,"column":5}},"loc":{"start":{"line":724,"column":4},"end":{"line":726,"column":5}},"line":724},"68":{"name":"push","decl":{"start":{"line":728,"column":4},"end":{"line":731,"column":5}},"loc":{"start":{"line":728,"column":4},"end":{"line":731,"column":5}},"line":728},"69":{"name":"_toString","decl":{"start":{"line":733,"column":14},"end":{"line":760,"column":5}},"loc":{"start":{"line":733,"column":14},"end":{"line":760,"column":5}},"line":733},"70":{"name":"Element._peekPiece.Element._peekPiece.peekLength","decl":{"start":{"line":743,"column":16},"end":{"line":743,"column":112}},"loc":{"start":{"line":743,"column":16},"end":{"line":743,"column":112}},"line":743},"71":{"name":"Element._peekPiece.Element._peekPiece.peekLength","decl":{"start":{"line":752,"column":16},"end":{"line":752,"column":117}},"loc":{"start":{"line":752,"column":16},"end":{"line":752,"column":117}},"line":752},"72":{"name":"Codeblock","decl":{"start":{"line":764,"column":4},"end":{"line":766,"column":5}},"loc":{"start":{"line":764,"column":4},"end":{"line":766,"column":5}},"line":764},"73":{"name":"concat","decl":{"start":{"line":768,"column":4},"end":{"line":771,"column":5}},"loc":{"start":{"line":768,"column":4},"end":{"line":771,"column":5}},"line":768},"74":{"name":"setLanguage","decl":{"start":{"line":773,"column":4},"end":{"line":776,"column":5}},"loc":{"start":{"line":773,"column":4},"end":{"line":776,"column":5}},"line":773},"75":{"name":"_toString","decl":{"start":{"line":778,"column":14},"end":{"line":814,"column":5}},"loc":{"start":{"line":778,"column":14},"end":{"line":814,"column":5}},"line":778},"76":{"name":"Element._peekPiece.Element._peekPiece.peekLength","decl":{"start":{"line":785,"column":10},"end":{"line":809,"column":12}},"loc":{"start":{"line":785,"column":10},"end":{"line":809,"column":12}},"line":785},"77":{"name":"Footnote","decl":{"start":{"line":818,"column":4},"end":{"line":820,"column":5}},"loc":{"start":{"line":818,"column":4},"end":{"line":820,"column":5}},"line":818},"78":{"name":"setId","decl":{"start":{"line":823,"column":4},"end":{"line":826,"column":5}},"loc":{"start":{"line":823,"column":4},"end":{"line":826,"column":5}},"line":823},"79":{"name":"push","decl":{"start":{"line":828,"column":4},"end":{"line":831,"column":5}},"loc":{"start":{"line":828,"column":4},"end":{"line":831,"column":5}},"line":828},"80":{"name":"get ref","decl":{"start":{"line":834,"column":4},"end":{"line":837,"column":5}},"loc":{"start":{"line":834,"column":4},"end":{"line":837,"column":5}},"line":834},"81":{"name":"_getCacheEntry","decl":{"start":{"line":839,"column":14},"end":{"line":846,"column":5}},"loc":{"start":{"line":839,"column":14},"end":{"line":846,"column":5}},"line":839},"82":{"name":"getRefId","decl":{"start":{"line":848,"column":4},"end":{"line":853,"column":5}},"loc":{"start":{"line":848,"column":4},"end":{"line":853,"column":5}},"line":848},"83":{"name":"describe","decl":{"start":{"line":855,"column":4},"end":{"line":862,"column":5}},"loc":{"start":{"line":855,"column":4},"end":{"line":862,"column":5}},"line":855},"84":{"name":"_toString","decl":{"start":{"line":864,"column":14},"end":{"line":900,"column":5}},"loc":{"start":{"line":864,"column":14},"end":{"line":900,"column":5}},"line":864},"85":{"name":"Element._peekPiece.Element._peekPiece.peekLength","decl":{"start":{"line":879,"column":20},"end":{"line":879,"column":137}},"loc":{"start":{"line":879,"column":20},"end":{"line":879,"column":137}},"line":879},"86":{"name":"Element._peekPiece.peekLength","decl":{"start":{"line":884,"column":18},"end":{"line":884,"column":110}},"loc":{"start":{"line":884,"column":18},"end":{"line":884,"column":110}},"line":884},"87":{"name":"Element._peekPiece.Element._peekPiece.peekLength","decl":{"start":{"line":892,"column":16},"end":{"line":892,"column":113}},"loc":{"start":{"line":892,"column":16},"end":{"line":892,"column":113}},"line":892},"88":{"name":"Heading","decl":{"start":{"line":904,"column":4},"end":{"line":911,"column":5}},"loc":{"start":{"line":904,"column":4},"end":{"line":911,"column":5}},"line":904},"89":{"name":"concat","decl":{"start":{"line":913,"column":4},"end":{"line":916,"column":5}},"loc":{"start":{"line":913,"column":4},"end":{"line":916,"column":5}},"line":913},"90":{"name":"_toString","decl":{"start":{"line":918,"column":14},"end":{"line":930,"column":5}},"loc":{"start":{"line":918,"column":14},"end":{"line":930,"column":5}},"line":918},"91":{"name":"Element._peekPiece.Element._peekPiece.peekLength","decl":{"start":{"line":924,"column":10},"end":{"line":924,"column":130}},"loc":{"start":{"line":924,"column":10},"end":{"line":924,"column":130}},"line":924},"92":{"name":"Hr","decl":{"start":{"line":934,"column":4},"end":{"line":936,"column":5}},"loc":{"start":{"line":934,"column":4},"end":{"line":936,"column":5}},"line":934},"93":{"name":"_toString","decl":{"start":{"line":938,"column":14},"end":{"line":955,"column":5}},"loc":{"start":{"line":938,"column":14},"end":{"line":955,"column":5}},"line":938},"94":{"name":"Element._peekPiece.Element._peekPiece.peekLength","decl":{"start":{"line":943,"column":10},"end":{"line":950,"column":12}},"loc":{"start":{"line":943,"column":10},"end":{"line":950,"column":12}},"line":943},"95":{"name":"LinkUrl","decl":{"start":{"line":959,"column":4},"end":{"line":961,"column":5}},"loc":{"start":{"line":959,"column":4},"end":{"line":961,"column":5}},"line":959},"96":{"name":"_getCacheEntry","decl":{"start":{"line":963,"column":14},"end":{"line":970,"column":5}},"loc":{"start":{"line":963,"column":14},"end":{"line":970,"column":5}},"line":963},"97":{"name":"getRefNumber","decl":{"start":{"line":972,"column":4},"end":{"line":977,"column":5}},"loc":{"start":{"line":972,"column":4},"end":{"line":977,"column":5}},"line":972},"98":{"name":"_describe","decl":{"start":{"line":979,"column":4},"end":{"line":988,"column":5}},"loc":{"start":{"line":979,"column":4},"end":{"line":988,"column":5}},"line":979},"99":{"name":"_toString","decl":{"start":{"line":990,"column":14},"end":{"line":1008,"column":5}},"loc":{"start":{"line":990,"column":14},"end":{"line":1008,"column":5}},"line":990},"100":{"name":"Element._peekPiece.Element._peekPiece.peekLength","decl":{"start":{"line":999,"column":10},"end":{"line":1003,"column":12}},"loc":{"start":{"line":999,"column":10},"end":{"line":1003,"column":12}},"line":999},"101":{"name":"List","decl":{"start":{"line":1012,"column":4},"end":{"line":1018,"column":5}},"loc":{"start":{"line":1012,"column":4},"end":{"line":1018,"column":5}},"line":1012},"102":{"name":"push","decl":{"start":{"line":1020,"column":4},"end":{"line":1023,"column":5}},"loc":{"start":{"line":1020,"column":4},"end":{"line":1023,"column":5}},"line":1020},"103":{"name":"_toString","decl":{"start":{"line":1025,"column":14},"end":{"line":1066,"column":5}},"loc":{"start":{"line":1025,"column":14},"end":{"line":1066,"column":5}},"line":1025},"104":{"name":"Element._peekPiece.peekLength","decl":{"start":{"line":1044,"column":14},"end":{"line":1044,"column":138}},"loc":{"start":{"line":1044,"column":14},"end":{"line":1044,"column":138}},"line":1044},"105":{"name":"Element._peekPiece.Element._peekPiece.peekLength","decl":{"start":{"line":1053,"column":16},"end":{"line":1053,"column":99}},"loc":{"start":{"line":1053,"column":16},"end":{"line":1053,"column":99}},"line":1053},"106":{"name":"Element._peekPiece.Element._peekPiece.Element._peekPiece.peekLength","decl":{"start":{"line":1058,"column":16},"end":{"line":1058,"column":82}},"loc":{"start":{"line":1058,"column":16},"end":{"line":1058,"column":82}},"line":1058},"107":{"name":"<static_initializer>","decl":{"start":{"line":1069,"column":89},"end":{"line":1106,"column":3}},"loc":{"start":{"line":1069,"column":89},"end":{"line":1106,"column":3}},"line":1069},"108":{"name":"Paragraph","decl":{"start":{"line":1070,"column":4},"end":{"line":1072,"column":5}},"loc":{"start":{"line":1070,"column":4},"end":{"line":1072,"column":5}},"line":1070},"109":{"name":"concat","decl":{"start":{"line":1074,"column":4},"end":{"line":1077,"column":5}},"loc":{"start":{"line":1074,"column":4},"end":{"line":1077,"column":5}},"line":1074},"110":{"name":"smartEscape","decl":{"start":{"line":1083,"column":11},"end":{"line":1093,"column":5}},"loc":{"start":{"line":1083,"column":11},"end":{"line":1093,"column":5}},"line":1083},"111":{"name":"_toString","decl":{"start":{"line":1095,"column":14},"end":{"line":1105,"column":5}},"loc":{"start":{"line":1095,"column":14},"end":{"line":1105,"column":5}},"line":1095},"112":{"name":"Element._peekPiece.Element._peekPiece.peekLength","decl":{"start":{"line":1100,"column":10},"end":{"line":1100,"column":116}},"loc":{"start":{"line":1100,"column":10},"end":{"line":1100,"column":116}},"line":1100},"113":{"name":"Section","decl":{"start":{"line":1109,"column":4},"end":{"line":1111,"column":5}},"loc":{"start":{"line":1109,"column":4},"end":{"line":1111,"column":5}},"line":1109},"114":{"name":"push","decl":{"start":{"line":1113,"column":4},"end":{"line":1116,"column":5}},"loc":{"start":{"line":1113,"column":4},"end":{"line":1116,"column":5}},"line":1113},"115":{"name":"_toString","decl":{"start":{"line":1118,"column":14},"end":{"line":1134,"column":5}},"loc":{"start":{"line":1118,"column":14},"end":{"line":1134,"column":5}},"line":1118},"116":{"name":"Element._peekPiece.peekLength","decl":{"start":{"line":1121,"column":8},"end":{"line":1121,"column":94}},"loc":{"start":{"line":1121,"column":8},"end":{"line":1121,"column":94}},"line":1121},"117":{"name":"Element._peekPiece.peekLength","decl":{"start":{"line":1128,"column":12},"end":{"line":1128,"column":140}},"loc":{"start":{"line":1128,"column":12},"end":{"line":1128,"column":140}},"line":1128},"118":{"name":"trimLength","decl":{"start":{"line":1137,"column":9},"end":{"line":1140,"column":3}},"loc":{"start":{"line":1137,"column":9},"end":{"line":1140,"column":3}},"line":1137}},"f":{"0":64,"1":77,"2":0,"3":3,"4":3,"5":0,"6":0,"7":0,"8":0,"9":0,"10":0,"11":0,"12":13,"13":52,"14":1,"15":0,"16":0,"17":0,"18":0,"19":0,"20":8,"21":6,"22":5,"23":1,"24":2,"25":2,"26":3,"27":4,"28":1,"29":4,"30":0,"31":0,"32":0,"33":5,"34":112,"35":63,"36":25,"37":26,"38":6,"39":739,"40":2,"41":2,"42":3,"43":67,"44":1,"45":1,"46":1,"47":306,"48":153,"49":174,"50":0,"51":0,"52":0,"53":4,"54":13,"55":9,"56":19,"57":17,"58":17,"59":53,"60":1,"61":56,"62":1,"63":1,"64":43,"65":53,"66":23,"67":3,"68":3,"69":3,"70":4,"71":2,"72":4,"73":1,"74":1,"75":4,"76":4,"77":5,"78":1,"79":1,"80":5,"81":54,"82":33,"83":6,"84":21,"85":7,"86":6,"87":13,"88":3,"89":1,"90":3,"91":3,"92":2,"93":2,"94":2,"95":6,"96":56,"97":34,"98":7,"99":22,"100":21,"101":4,"102":2,"103":4,"104":4,"105":10,"106":10,"107":1,"108":13,"109":1,"110":68,"111":28,"112":28,"113":3,"114":1,"115":7,"116":7,"117":31,"118":62}}
}
